[-28.844755, 18.788761] - label 0
[-1.353513, -10.603085] - label 1
[-6.801849, 7.725351] - label 1
[5.016375, -11.244758] - label 1
[-2.30161, -2.113191] - label 1
[3.238297, -13.481383] - label 1
[-6.073392, 5.57682] - label 1
[11.376736, -10.350853] - label 1
[-4.370106, 16.007706] - label 1
[12.95302, -1.001569] - label 1
[-0.832611, 1.19212] - label 1
[14.795122, -14.367194] - label 1
[-8.097209, 23.17968] - label 1
[-8.885216, 5.447604] - label 1
[-7.793294, 3.349116] - label 1
[-12.682588, 1.237275] - label 1
[-1.767082, 8.917855] - label 1
[-18.493557, 7.897035] - label 1
[-0.733314, -3.941004] - label 1
[1.237085, 6.423827] - label 1
[-2.331363, -1.26859] - label 1
[1.418758, -2.374361] - label 1
[7.98257, -1.855424] - label 1
[5.183411, 3.565723] - label 1
[2.830093, 0.896507] - label 1
[0.694269, -4.844163] - label 1
[0.565987, -0.567076] - label 1
[-3.278005, 7.665072] - label 1
[2.132598, 8.867654] - label 1
[4.437314, -3.816994] - label 1
[10.9823, -5.54492] - label 1
[6.937631, -4.778019] - label 1
[13.673224, -24.300035] - label 1
[3.988453, 7.242281] - label 1
[-6.030641, -0.765542] - label 1
[-2.701345, -1.462352] - label 1
[6.442409, 1.732378] - label 1
[-4.799076, 5.870364] - label 1
[7.002415, -9.777833] - label 1
[5.931732, -2.514339] - label 1
[-3.013537, 7.739477] - label 1
[-6.052686, 2.543698] - label 1
[-1.951898, 7.666851] - label 1
[8.924104, 4.6443] - label 1
[-1.354658, -7.38781] - label 1
[7.849717, -8.360184] - label 1
[-0.81473, 5.224309] - label 1
[-12.90211, 1.766283] - label 1
[9.397778, -6.123632] - label 1
[-6.062596, 5.882176] - label 1
[10.991411, -15.301003] - label 1
[7.64469, -15.495126] - label 1
[0.880122, 4.843583] - label 1
[10.317564, -6.367725] - label 1
[-1.592437, -0.09031] - label 1
[5.047485, -14.593867] - label 1
[-4.94818, 2.763356] - label 1
[11.409891, 0.152133] - label 1
[-4.091186, 4.786683] - label 1
[-13.804897, 13.46883] - label 1
[-3.069976, 6.192188] - label 1
[-12.615394, 7.889521] - label 1
[-2.862432, -3.317012] - label 1
[-5.19841, 6.080931] - label 1
[-4.419157, 15.10677] - label 1
[4.612922, -3.683092] - label 1
[-7.691772, 0.753676] - label 1
[10.130894, -4.48563] - label 1
[1.467031, -2.548069] - label 1
[-1.202536, 7.574795] - label 1
[-3.063523, 9.193535] - label 1
[0.197995, 3.522788] - label 1
[3.173553, 5.603056] - label 1
[0.238237, 1.013671] - label 1
[-6.141011, 3.885795] - label 1
[-5.460096, -7.2736] - label 1
[-2.093657, 4.602241] - label 1
[3.765328, -9.058761] - label 1
[18.6292, -19.269024] - label 1
[8.259389, -5.929233] - label 1
[6.470613, 0.995558] - label 1
[-4.366279, 1.41239] - label 1
[5.148375, 0.981287] - label 1
[4.411321, -1.511557] - label 1
[-8.064283, -6.780971] - label 1
[8.08517, -11.979589] - label 1
[-0.983041, 10.564793] - label 1
[-8.454783, -5.481254] - label 1
[-3.161392, -0.943213] - label 1
[-3.696698, -3.446639] - label 1
[11.840304, -2.597146] - label 1
[28.252224, -18.770887] - label 1
[0.93488, -4.643908] - label 1
[13.476035, -5.186328] - label 1
[8.007501, -7.319398] - label 1
[-12.066619, 16.223167] - label 1
[-4.539951, -0.372312] - label 1
[8.730912, -5.234438] - label 1
[7.051986, 1.638185] - label 1
[1.403123, 4.421898] - label 1
[5.526371, 3.520592] - label 1
[-8.003518, 6.498217] - label 1
[6.521788, -0.765229] - label 1
[7.101499, -9.006087] - label 1
[3.992499, -6.733503] - label 1
[-1.099462, 12.153457] - label 1
[12.925217, -13.323013] - label 1
[8.787855, -8.898114] - label 1
[-16.176945, 5.376835] - label 1
[-11.272604, 17.131613] - label 1
[2.940145, -2.142063] - label 1
[0.785812, 2.446274] - label 1
[-4.587578, -7.496781] - label 1
[7.307118, 1.699787] - label 1
[-7.48658, 3.335691] - label 1
[-7.781934, 9.652826] - label 1
[-7.438608, 2.066649] - label 1
[0.139069, -3.624528] - label 1
[-4.618702, -2.125347] - label 1
[-2.675035, 8.007222] - label 1
[-7.471091, -5.496571] - label 1
[4.193128, -8.501799] - label 1
[9.968724, 1.062864] - label 1
[-5.616841, -1.107322] - label 1
[-1.40869, 7.300786] - label 1
[9.374697, -5.313913] - label 1
[-5.948642, 2.402719] - label 1
[-5.719313, -0.722819] - label 1
[4.641045, -0.883382] - label 1
[2.263459, -7.749301] - label 1
[-3.290433, 1.282292] - label 1
[6.187683, -4.675527] - label 1
[5.818753, -6.752417] - label 1
[-12.01137, 7.484108] - label 1
[9.839206, -0.174577] - label 1
[4.673444, -15.597107] - label 1
[-2.148794, -1.862149] - label 1
[-0.299522, 12.392415] - label 1
[17.794392, -10.425291] - label 1
[-0.177567, -5.856708] - label 1
[-6.137558, 8.625773] - label 1
[1.656821, 7.358783] - label 1
[-8.776509, 8.710295] - label 1
[0.072576, 12.218723] - label 1
[0.383436, 4.690401] - label 1
[3.664487, -4.77401] - label 1
[-2.392417, -1.242336] - label 1
[8.408719, -12.190167] - label 1
[16.033054, -10.269532] - label 1
[-5.240425, 4.483442] - label 1
[5.811416, -7.726752] - label 1
[5.799516, -17.215206] - label 1
[0.076426, 5.783837] - label 1
[-15.249679, 14.773149] - label 1
[2.844148, 8.943216] - label 1
[-3.196255, 2.283763] - label 1
[6.936409, -2.70938] - label 1
[-3.205942, 9.00005] - label 1
[-1.77722, -6.278203] - label 1
[-3.304295, 8.837907] - label 1
[-6.602333, 5.375752] - label 1
[-3.429935, 7.759161] - label 1
[-16.862705, -5.007674] - label 0
[-16.137087, 5.552684] - label 1
[-3.726958, 3.931655] - label 1
[-5.343114, 5.448149] - label 1
[-2.629343, -6.964019] - label 1
[-1.788141, 7.808798] - label 1
[-2.228145, 0.669008] - label 1
[-4.589595, 13.944696] - label 1
[-7.714954, -6.512389] - label 1
[-2.415807, 0.976555] - label 1
[-0.804391, 17.39738] - label 1
[-17.405445, 4.374197] - label 0
[2.320421, -13.992924] - label 1
[-4.224498, 2.040947] - label 1
[1.203536, -5.739209] - label 1
[21.72419, -7.06264] - label 1
[-6.328887, 2.383009] - label 1
[13.791088, -8.818656] - label 1
[-14.170684, 4.794412] - label 1
[0.319497, 9.08237] - label 1
[-9.547589, 1.067183] - label 1
[-0.55644, -3.839193] - label 1
[-8.709379, 3.561652] - label 1
[2.463488, -5.239682] - label 1
[-14.57645, 4.432643] - label 1
[4.54731, 4.990899] - label 1
[3.092121, -14.231532] - label 1
[-11.202155, 18.423288] - label 1
[1.123344, 5.936054] - label 1
[5.017909, 2.645763] - label 1
[11.754979, -4.83663] - label 1
[4.788207, -1.33071] - label 1
[-2.787843, -8.10779] - label 1
[-0.792124, -2.432026] - label 1
[-5.877701, 2.274158] - label 1
[2.313274, -10.22298] - label 1
[3.360886, -12.546063] - label 1
[6.100856, 6.032198] - label 1
[7.413749, -8.158041] - label 1
[19.090878, -10.72162] - label 1
[-5.414116, 8.978922] - label 1
[6.81695, 8.513347] - label 1
[2.050461, 1.318025] - label 1
[14.695497, -4.890668] - label 1
[2.972769, -1.689183] - label 1
[19.456251, -13.152385] - label 1
[6.309018, -11.63911] - label 1
[-6.782317, 10.713437] - label 1
[0.221033, -2.229227] - label 1
[1.015906, -7.644759] - label 1
[-3.028625, 6.655153] - label 1
[11.774114, -11.45773] - label 1
[6.575355, -8.82252] - label 1
[5.323386, 4.250989] - label 1
[3.419954, 3.8919] - label 1
[4.763301, -6.840625] - label 1
[4.13237, -9.934084] - label 1
[16.68355, -24.7366] - label 1
[-1.867305, -5.078651] - label 1
[7.535598, -1.747331] - label 1
[-4.983895, 13.207536] - label 1
[-14.559758, 26.078606] - label 1
[-15.145086, 1.803991] - label 0
[4.416528, -2.84859] - label 1
[-4.349286, 0.453961] - label 1
[-0.897414, -4.846463] - label 1
[-6.796687, -0.52686] - label 1
[-11.65446, -1.301617] - label 1
[-1.798063, -3.752157] - label 1
[5.797501, -19.485226] - label 1
[-4.977553, -1.404739] - label 1
[-17.370686, 12.338202] - label 1
[2.574551, -1.739594] - label 1
[11.447228, -2.461288] - label 1
[-1.452659, 0.524513] - label 1
[7.205993, -12.39701] - label 1
[-8.11787, -1.285514] - label 1
[11.990622, -1.752647] - label 1
[-12.630071, 11.026997] - label 1
[3.510157, -1.522235] - label 1
[-2.415324, 3.561151] - label 1
[-4.600544, -10.96562] - label 1
[12.037672, -14.163757] - label 1
[1.625454, -5.289255] - label 1
[-10.339682, 13.699609] - label 1
[-11.722257, -11.910146] - label 0
[-8.019172, 16.32386] - label 1
[10.542935, -11.044206] - label 1
[8.784138, 9.256326] - label 1
[6.6376, 6.262784] - label 1
[-14.655883, 5.264854] - label 1
[2.5852, -3.88831] - label 1
[-3.909566, -8.641993] - label 1
[-6.41389, 0.901652] - label 1
[-2.539917, 3.392418] - label 1
[-2.698672, 0.241819] - label 1
[-14.206332, 3.812117] - label 1
[-4.855639, 8.385599] - label 1
[-2.649224, 2.038413] - label 1
[-8.043853, 6.3643] - label 1
[-5.796174, 12.844024] - label 1
[11.14053, -8.804433] - label 1
[3.837883, 0.680724] - label 1
[-7.300816, 17.733517] - label 1
[8.110159, -4.982971] - label 1
[12.383123, -1.812529] - label 1
[-5.420396, 7.29686] - label 1
[-5.661446, -1.050819] - label 1
[-7.764025, -0.524601] - label 1
[0.805031, -9.06125] - label 1
[5.693365, 1.184644] - label 1
[0.820344, -2.420453] - label 1
[9.269981, -10.032206] - label 1
[6.339123, -14.250507] - label 1
[-5.631977, 8.28297] - label 1
[-5.058576, -1.539181] - label 1
[4.609536, 12.289683] - label 1
[-6.52228, 12.88434] - label 1
[-2.433888, -0.787901] - label 1
[2.760181, -6.18064] - label 1
[-4.817887, 10.620196] - label 1
[0.338702, 2.627405] - label 1
[-10.874834, 6.700832] - label 1
[-6.114375, -4.028784] - label 1
[-3.164041, -2.237346] - label 1
[5.629502, -1.411149] - label 1
[4.483479, 8.07196] - label 1
[3.61872, -6.906235] - label 1
[-10.49261, 9.385544] - label 1
[8.344097, -16.516275] - label 1
[-13.256766, 11.834981] - label 1
[-4.801532, 7.252949] - label 1
[6.804499, -3.511662] - label 1
[17.786335, -10.494257] - label 1
[-4.133824, 19.083721] - label 1
[-8.669214, -1.603867] - label 1
[-6.736246, 15.299367] - label 1
[-14.703523, 0.053908] - label 0
[4.486218, 0.893372] - label 1
[-6.523951, 2.507037] - label 1
[-7.146778, 5.371266] - label 1
[-16.757511, 12.474715] - label 1
[15.731184, -18.48763] - label 1
[7.785091, -9.428669] - label 1
[-6.074368, 4.984898] - label 1
[-5.091639, -0.722628] - label 1
[-4.40392, 10.807658] - label 1
[-1.701985, -14.401858] - label 1
[14.844144, -9.87626] - label 1
[-2.956225, -7.604859] - label 1
[0.164603, 11.032229] - label 1
[8.741155, -8.251835] - label 1
[-9.275109, 8.827828] - label 1
[-3.154386, -3.913329] - label 1
[-1.738759, 9.478522] - label 1
[3.135461, -4.602433] - label 1
[6.815719, -6.933077] - label 1
[-19.088125, 12.504121] - label 1
[-1.650399, 4.151388] - label 1
[2.992365, 7.633092] - label 1
[-20.652271, 8.28453] - label 0
[10.187105, -9.056475] - label 1
[-15.357686, 20.47763] - label 1
[2.852148, -4.366808] - label 1
[-6.083207, -3.367273] - label 1
[-0.758287, -5.787408] - label 1
[-4.071866, 2.262695] - label 1
[8.051423, -4.619491] - label 1
[-4.112287, 5.244748] - label 1
[-8.073914, 4.207469] - label 1
[-0.40734, -6.461977] - label 1
[-0.872804, 6.111432] - label 1
[8.316779, 12.964754] - label 1
[6.313141, 3.985799] - label 1
[-1.691957, 5.370763] - label 1
[4.022635, -1.520945] - label 1
[-5.956173, 1.853713] - label 1
[2.895927, 0.160157] - label 1
[4.168969, -8.732798] - label 1
[4.324536, -5.40529] - label 1
[6.684469, -14.071501] - label 1
[3.868712, -5.242056] - label 1
[1.838207, -4.412138] - label 1
[5.81734, 0.442544] - label 1
[2.805806, 4.113182] - label 1
[-7.157687, -4.531912] - label 1
[4.470623, -0.180758] - label 1
[-5.417061, 6.110605] - label 1
[-1.914967, -12.930807] - label 1
[4.195849, -1.407102] - label 1
[-12.14164, 7.313754] - label 1
[-3.659702, -4.968331] - label 1
[-8.150395, -4.573407] - label 1
[0.736904, -0.668896] - label 1
[-5.439549, -0.713419] - label 1
[14.780524, -8.992871] - label 1
[-10.143007, -0.033301] - label 1
[-4.658437, 3.197838] - label 1
[-3.057254, -6.726799] - label 1
[-12.411741, 3.191529] - label 1
[9.205589, 2.39885] - label 1
[0.500478, 1.179873] - label 1
[-7.305518, -11.987733] - label 0
[15.132577, -11.139419] - label 1
[-3.753562, 21.374327] - label 1
[-0.904299, 6.432919] - label 1
[-5.772299, 10.471792] - label 1
[-17.043283, 12.703652] - label 1
[-0.595843, 5.685747] - label 1
[2.34305, -6.885674] - label 1
[-8.833505, 5.467414] - label 1
[-14.868576, 18.514519] - label 1
[-7.82454, 12.976436] - label 1
[-3.658443, 3.981127] - label 1
[-17.431065, 11.158324] - label 1
[-1.840582, -3.925401] - label 1
[0.714679, -3.797344] - label 1
[3.12454, -11.464099] - label 1
[-3.441961, -3.179681] - label 1
[-1.732604, -2.582104] - label 1
[2.096499, -4.1131] - label 1
[-3.204683, 2.788607] - label 1
[9.899755, -4.229711] - label 1
[-0.052882, -9.082627] - label 1
[8.483653, -0.412453] - label 1
[-25.704702, 3.492606] - label 0
[5.65393, -3.6789] - label 1
[-6.578568, 16.796326] - label 1
[-0.69946, -5.065176] - label 1
[13.872654, -3.180602] - label 1
[-2.722486, 17.041668] - label 1
[18.434866, -21.133642] - label 1
[7.310192, -5.13014] - label 1
[-3.085061, 0.807262] - label 1
[9.689546, -8.480437] - label 1
[-5.525598, 12.998815] - label 1
[-1.896308, -4.489734] - label 1
[0.307564, -17.571922] - label 1
[-14.60038, 4.095384] - label 1
[7.285623, -8.085833] - label 1
[6.202517, 2.353648] - label 1
[-3.169581, -7.569368] - label 1
[-9.644818, 10.903039] - label 1
[7.758229, -3.522626] - label 1
[-0.58002, -0.671614] - label 1
[-11.379492, 15.099592] - label 1
[5.809515, -5.855394] - label 1
[-5.13267, 1.214436] - label 1
[5.361994, -7.654197] - label 1
[1.448561, 4.474603] - label 1
[1.754421, 5.535195] - label 1
[-5.584848, -1.952134] - label 1
[-13.040274, 9.618818] - label 1
[6.787026, -9.283643] - label 1
[-2.548814, -3.75294] - label 1
[-5.330167, 7.628248] - label 1
[-2.502094, -2.236227] - label 1
[0.803274, 0.209588] - label 1
[3.914118, -7.566183] - label 1
[4.53848, -8.094535] - label 1
[-7.965813, 8.515757] - label 1
[4.000842, -9.727571] - label 1
[2.14509, 0.116984] - label 1
[9.032801, 2.200033] - label 1
[4.21193, -6.237848] - label 1
[7.505203, -5.744126] - label 1
[7.225654, -5.791551] - label 1
[-8.416424, 6.3041] - label 1
[10.011171, -6.632916] - label 1
[0.664794, -0.211325] - label 1
[7.892617, -5.672121] - label 1
[-12.682069, 1.484097] - label 1
[0.577283, 9.028638] - label 1
[-3.779987, 7.255792] - label 1
[6.170956, 2.901353] - label 1
[5.815807, -0.426731] - label 1
[-8.546021, 8.144857] - label 1
[-3.37306, 5.232804] - label 1
[-2.558069, 22.218382] - label 1
[10.410468, -3.260721] - label 1
[-2.62098, -1.708874] - label 1
[-3.439049, 0.778537] - label 1
[-6.827189, 6.231469] - label 1
[-3.219348, -2.323961] - label 1
[-1.823076, 2.269191] - label 1
[10.924947, -4.404679] - label 1
[-0.057141, -2.796541] - label 1
[9.686817, -4.085778] - label 1
[-1.598306, -2.132517] - label 1
[-11.090414, 20.091568] - label 1
[2.870356, -1.809409] - label 1
[9.74978, 3.281125] - label 1
[-16.282574, 8.346291] - label 1
[-15.699104, 5.814913] - label 1
[-6.136871, -0.729434] - label 1
[3.410595, -6.23701] - label 1
[1.120136, 4.91966] - label 1
[-1.725799, 4.916706] - label 1
[-0.177207, -0.318358] - label 1
[11.562238, -0.499135] - label 1
[8.49014, 0.342313] - label 1
[5.940604, 1.002577] - label 1
[1.677602, 0.19871] - label 1
[1.361261, 7.89291] - label 1
[11.538799, 2.234366] - label 1
[-6.363534, -11.014409] - label 0
[2.056431, -5.608675] - label 1
[-19.879639, 27.865486] - label 1
[-1.438678, -7.314222] - label 1
[-8.6488, 8.932947] - label 1
[3.06634, 2.290929] - label 1
[8.460819, -4.266568] - label 1
[1.356958, -3.119854] - label 1
[4.374291, -2.93671] - label 1
[-8.806357, 2.583888] - label 1
[-2.491464, -2.902784] - label 1
[6.7245, -12.987115] - label 1
[3.797866, 0.791416] - label 1
[8.52102, -6.085021] - label 1
[-1.878767, -5.924096] - label 1
[6.300759, -5.409255] - label 1
[-6.19686, 4.35802] - label 1
[1.069714, -3.180141] - label 1
[0.613212, 3.865088] - label 1
[-9.028937, 10.123507] - label 1
[-16.919262, 2.911298] - label 0
[-10.104028, -16.295115] - label 0
[3.594862, 1.596286] - label 1
[15.19238, -10.361795] - label 1
[6.832785, -5.543735] - label 1
[-8.193184, -1.56284] - label 1
[-3.446962, 5.298106] - label 1
[-1.405728, 0.383769] - label 1
[-10.132786, 11.725103] - label 1
[4.094334, -2.343458] - label 1
[15.343631, -3.483507] - label 1
[8.69933, -15.571078] - label 1
[-3.747638, 11.470054] - label 1
[5.000681, -3.689796] - label 1
[2.547127, 1.977632] - label 1
[1.505449, 1.773776] - label 1
[8.514859, 2.541956] - label 1
[1.900031, -11.886201] - label 1
[1.597655, -3.969108] - label 1
[-4.478161, 1.87477] - label 1
[16.191574, -0.336593] - label 1
[-2.916539, 13.155597] - label 1
[7.654634, 0.556201] - label 1
[-3.556458, 1.224359] - label 1
[4.559951, -8.656536] - label 1
[-4.975435, -3.020746] - label 1
[0.229543, -0.279179] - label 1
[0.434039, -3.61561] - label 1
[-4.843059, 14.676691] - label 1
[10.272202, -0.412983] - label 1
[-0.898199, -0.730487] - label 1
[6.220856, -5.107666] - label 1
[-0.515178, -5.598993] - label 1
[-0.218635, -4.81854] - label 1
[-9.880256, -4.275336] - label 1
[-9.831836, 1.826589] - label 1
[1.33677, -3.236189] - label 1
[-6.442201, -11.894915] - label 0
[9.152646, -8.727177] - label 1
[-7.611338, 13.56573] - label 1
[8.576196, -15.208364] - label 1
[4.520578, 3.776292] - label 1
[2.947631, -5.888966] - label 1
[13.419616, -10.929799] - label 1
[3.219498, 1.830453] - label 1
[-0.933859, -6.245197] - label 1
[-0.219811, 3.706951] - label 1
[7.649256, -8.054664] - label 1
[-3.750134, 0.766807] - label 1
[-0.93859, -10.290601] - label 1
[-2.978089, 10.368142] - label 1
[-20.409924, 13.530543] - label 1
[10.288238, -3.725925] - label 1
[5.39633, -11.681398] - label 1
[9.450782, -14.096666] - label 1
[2.575553, -14.275934] - label 1
[-2.592898, 3.715784] - label 1
[-12.720101, 3.531724] - label 1
[-8.091601, 2.740404] - label 1
[9.696613, -8.738716] - label 1
[3.912151, -0.973509] - label 1
[2.550227, 8.537506] - label 1
[-6.900382, 4.56921] - label 1
[-2.242007, 0.962768] - label 1
[-3.17572, 5.452611] - label 1
[-2.529709, -1.937348] - label 1
[-14.786806, 13.322216] - label 1
[20.183443, -19.315628] - label 1
[-0.381044, 5.035047] - label 1
[-2.742646, 3.496488] - label 1
[5.684137, -4.080516] - label 1
[7.2212, -6.194569] - label 1
[5.46859, -6.6618] - label 1
[-6.256715, -1.752992] - label 1
[-0.11647, -10.223344] - label 1
[-7.30249, 3.515402] - label 1
[1.653485, -11.234659] - label 1
[-4.507167, -4.303511] - label 1
[10.646337, -9.716402] - label 1
[-9.102712, 2.958577] - label 1
[-3.908066, 10.266697] - label 1
[4.616027, 13.768289] - label 1
[2.960702, -7.749441] - label 1
[6.415522, -10.23466] - label 1
[-10.597628, 8.573139] - label 1
[19.435265, -22.890574] - label 1
[-2.785863, 4.243778] - label 1
[-0.384571, 5.567486] - label 1
[-7.087155, 7.152013] - label 1
[8.315679, -6.467168] - label 1
[5.951092, 3.853448] - label 1
[0.633122, -2.597918] - label 1
[-2.085914, 0.878305] - label 1
[8.198729, -4.809722] - label 1
[1.228356, 7.685852] - label 1
[9.320102, -5.298719] - label 1
[0.500351, 2.946659] - label 1
[3.514085, -5.546201] - label 1
[5.093282, 2.025525] - label 1
[-12.584022, 8.379361] - label 1
[1.83008, 1.833233] - label 1
[-6.987264, -3.851222] - label 1
[2.327184, 1.429958] - label 1
[-10.047816, 14.271653] - label 1
[-3.810229, 2.275877] - label 1
[18.546272, -19.109728] - label 1
[-18.036211, 6.590582] - label 0
[10.731307, -0.521728] - label 1
[8.990501, 5.583763] - label 1
[7.073175, -9.168819] - label 1
[19.384436, -11.062244] - label 1
[3.183987, 7.054529] - label 1
[-7.883823, 8.366613] - label 1
[6.234981, -10.523703] - label 1
[1.575314, 5.310714] - label 1
[-4.528445, 9.521778] - label 1
[-2.465714, 1.797388] - label 1
[-0.871231, -3.211862] - label 1
[-5.219136, 2.629042] - label 1
[0.150079, 3.24446] - label 1
[0.963096, 1.526068] - label 1
[-1.655437, -0.713627] - label 1
[-4.851232, -9.321533] - label 1
[7.751224, -0.018211] - label 1
[20.850918, -15.928298] - label 1
[2.377845, -9.134846] - label 1
[14.704484, -13.42268] - label 1
[-0.459183, -10.845036] - label 1
[-1.457201, -3.221106] - label 1
[1.132571, 5.030323] - label 1
[3.19877, -5.549987] - label 1
[2.262444, 1.878264] - label 1
[8.854217, -7.652532] - label 1
[17.31218, -14.214253] - label 1
[-7.156023, -2.763639] - label 1
[8.277036, 0.279774] - label 1
[9.562321, 0.455647] - label 1
[5.627973, -1.563089] - label 1
[-17.995634, 15.292927] - label 1
[-1.211316, -8.275717] - label 1
[6.976321, -14.958499] - label 1
[15.295813, -12.695483] - label 1
[-0.524234, -11.363375] - label 1
[-13.176295, 8.110854] - label 1
[-11.244506, 8.68983] - label 1
[2.077045, -6.713183] - label 1
[2.042953, -2.933906] - label 1
[14.730646, -2.413533] - label 1
[-1.258306, -6.002431] - label 1
[3.721053, -2.256568] - label 1
[-0.035821, -3.284253] - label 1
[-10.740376, 7.805568] - label 1
[-5.051601, 6.964529] - label 1
[8.939747, -12.455779] - label 1
[-0.849251, -0.480189] - label 1
[2.558231, 4.578417] - label 1
[11.310518, 2.166095] - label 1
[-6.835178, 7.402187] - label 1
[6.325226, 3.766076] - label 1
[-7.079824, -0.938522] - label 1
[-2.112164, 0.082267] - label 1
[0.764723, 0.55709] - label 1
[4.791929, 3.338873] - label 1
[-3.102674, 3.424437] - label 1
[-11.52295, 9.053528] - label 1
[-0.669223, 7.077788] - label 1
[9.48081, -0.503724] - label 1
[7.592394, 3.324326] - label 1
[-1.597786, -1.230377] - label 1
[-4.58836, 0.834553] - label 1
[2.269219, 3.812769] - label 1
[5.750228, -3.721194] - label 1
[1.403347, -5.824405] - label 1
[11.39045, -8.538019] - label 1
[8.996905, -7.888127] - label 1
[-4.512939, 1.665585] - label 1
[-8.610699, 3.840659] - label 1
[-2.415552, -4.986536] - label 1
[-5.348801, -0.960674] - label 1
[1.606519, -5.470497] - label 1
[-8.904637, 15.184953] - label 1
[5.185674, -4.527913] - label 1
[9.95314, -7.57631] - label 1
[3.09864, 5.090976] - label 1
[8.717684, 7.657531] - label 1
[-1.371826, 1.317269] - label 1
[7.787233, -4.780977] - label 1
[8.237604, -10.996691] - label 1
[-0.372693, 3.683409] - label 1
[2.845326, 8.702437] - label 1
[16.839466, -17.629938] - label 1
[14.815272, -9.252755] - label 1
[1.97052, 9.70795] - label 1
[-4.864318, 0.910327] - label 1
[6.588039, 9.111681] - label 1
[9.768592, 4.051196] - label 1
[6.717555, 0.109237] - label 1
[7.406574, -3.193001] - label 1
[-3.944388, -4.931654] - label 1
[11.648981, -7.952283] - label 1
[-9.135866, -1.425464] - label 1
[-4.112781, 2.59609] - label 1
[4.193546, -2.359649] - label 1
[4.779338, -4.789449] - label 1
[-7.234379, 2.656752] - label 1
[-7.999543, 4.018413] - label 1
[11.841447, -13.535099] - label 1
[13.259777, -10.082735] - label 1
[5.592398, 6.364137] - label 1
[-1.911269, -7.196767] - label 1
[5.877482, -12.576881] - label 1
[-6.256554, -3.489891] - label 1
[13.922169, -9.820232] - label 1
[-1.49557, 7.128494] - label 1
[-9.357827, 0.573735] - label 1
[1.024682, 0.511206] - label 1
[-0.538143, 3.258792] - label 1
[-2.048442, 0.169795] - label 1
[3.641641, 8.751369] - label 1
[-10.981071, 8.950037] - label 1
[7.540224, 3.373274] - label 1
[16.617474, -7.179826] - label 1
[0.821735, -5.693161] - label 1
[-0.205753, -5.514696] - label 1
[-22.055157, 23.2889] - label 1
[5.113891, -7.917406] - label 1
[-12.177512, 5.31897] - label 1
[1.867917, -5.715507] - label 1
[0.134337, -2.789403] - label 1
[0.938162, 5.723437] - label 1
[4.890072, -0.899434] - label 1
[-6.548041, -0.704389] - label 1
[9.427649, -9.839888] - label 1
[-8.855605, 16.82362] - label 1
[-16.022665, -1.493481] - label 0
[10.739406, -0.5875] - label 1
[10.175576, 1.090478] - label 1
[-1.597156, -2.239835] - label 1
[-16.434786, 18.27] - label 1
[14.422881, -18.51476] - label 1
[-17.530167, 11.251422] - label 1
[-2.184186, 1.309321] - label 1
[-2.045029, 3.996881] - label 1
[-5.693126, 10.622281] - label 1
[-0.019685, -5.769152] - label 1
[0.670992, 1.652034] - label 1
[-26.650848, 10.162429] - label 0
[-16.854803, 2.448295] - label 0
[7.602106, -10.221896] - label 1
[5.539975, 1.225432] - label 1
[-1.103294, 9.010544] - label 1
[-0.742271, -5.677363] - label 1
[25.304888, -11.127521] - label 1
[3.133834, 6.374483] - label 1
[0.034005, -9.610109] - label 1
[0.342401, 3.343741] - label 1
[-14.212064, 9.178612] - label 1
[8.563038, -8.82997] - label 1
[-2.833555, 9.560049] - label 1
[-3.905387, 10.080954] - label 1
[2.742035, -7.866686] - label 1
[-4.934779, 11.406606] - label 1
[-2.300923, 2.172334] - label 1
[-10.189267, 4.318225] - label 1
[5.608693, -3.086897] - label 1
[10.225378, 3.041965] - label 1
[0.715111, 13.524595] - label 1
[-9.109946, 2.824186] - label 1
[11.720534, -6.706637] - label 1
[7.079066, -1.624346] - label 1
[0.093742, -10.137374] - label 1
[8.907716, -9.226048] - label 1
[13.433776, -5.761195] - label 1
[3.290599, 4.773863] - label 1
[-24.777037, 14.560024] - label 0
[5.580174, -2.387735] - label 1
[-0.559211, 1.852774] - label 1
[-3.363612, 2.931503] - label 1
[1.817324, 9.774866] - label 1
[0.793703, 7.176873] - label 1
[-3.805174, -5.540258] - label 1
[-1.852388, 4.51718] - label 1
[-6.038273, -3.059425] - label 1
[6.166879, -3.151974] - label 1
[-7.605444, -8.216747] - label 0
[-4.192684, 1.088744] - label 1
[-9.198105, 10.778808] - label 1
[-9.340296, 17.136217] - label 1
[-1.749947, 12.52132] - label 1
[1.88232, 1.102181] - label 1
[10.580727, -1.661747] - label 1
[8.998394, 0.442499] - label 1
[8.603136, 2.368275] - label 1
[-1.068619, 12.468097] - label 1
[-16.61062, 16.412748] - label 1
[-0.196087, -1.59548] - label 1
[5.336995, -10.005415] - label 1
[-12.282919, 13.769282] - label 1
[-6.829902, -1.396811] - label 1
[8.59243, -13.161731] - label 1
[1.921685, 8.857357] - label 1
[-0.12909, -3.875694] - label 1
[-1.364373, -5.16334] - label 1
[9.550393, 12.608062] - label 1
[9.029653, -12.271823] - label 1
[-4.0811, 3.655486] - label 1
[2.710827, 3.166949] - label 1
[-2.784731, 2.942204] - label 1
[0.236912, -13.908551] - label 1
[4.581965, 11.107194] - label 1
[-9.914089, 2.248071] - label 1
[-5.704401, 9.101295] - label 1
[12.734291, -14.927161] - label 1
[16.364159, -15.83907] - label 1
[-1.749967, 3.322583] - label 1
[4.470225, 0.425705] - label 1
[-9.878845, 16.899324] - label 1
[-6.676693, 5.607851] - label 1
[0.413134, -4.166658] - label 1
[-11.400366, 11.436508] - label 1
[3.708248, -0.708704] - label 1
[-1.877419, 1.466288] - label 1
[13.729915, -8.724658] - label 1
[10.024195, 1.898477] - label 1
[10.09419, 2.094089] - label 1
[-2.331907, 1.16703] - label 1
[1.130306, 4.159319] - label 1
[-1.628427, -4.424408] - label 1
[1.955894, -3.20016] - label 1
[1.821554, 2.285507] - label 1
[16.72217, -11.035433] - label 1
[3.173406, -0.619966] - label 1
[-0.83586, 3.438867] - label 1
[-0.835408, 2.260521] - label 1
[-9.016222, -0.616252] - label 1
[-1.338107, 3.700838] - label 1
[-8.239923, 0.100639] - label 1
[-10.804504, 12.041414] - label 1
[-1.216705, -6.352933] - label 1
[-2.510692, -2.28926] - label 1
[0.237931, -7.730632] - label 1
[2.378948, 5.122516] - label 1
[11.411996, -7.980248] - label 1
[-1.272418, -1.766106] - label 1
[2.873524, 6.912135] - label 1
[-0.067651, 11.192915] - label 1
[6.87398, -18.58781] - label 1
[-6.354664, 13.056091] - label 1
[4.939172, -14.750764] - label 1
[-1.967568, -4.927983] - label 1
[-10.26162, 14.071182] - label 1
[-3.704526, 5.826258] - label 1
[-0.905962, -5.424751] - label 1
[0.103947, 11.756481] - label 1
[-1.425538, -0.448287] - label 1
[3.461774, -13.125719] - label 1
[-9.470121, -7.981606] - label 0
[19.08593, -5.732242] - label 1
[-17.510393, 12.374517] - label 1
[-8.121873, 6.575658] - label 1
[13.777471, -8.031706] - label 1
[12.168881, -7.87308] - label 1
[9.800827, -2.781298] - label 1
[-0.259865, -10.347532] - label 1
[3.117393, 5.046245] - label 1
[0.677539, -1.228987] - label 1
[3.971597, 10.201768] - label 1
[-5.256047, 6.325644] - label 1
[-1.614513, 10.769855] - label 1
[-0.713676, -6.727707] - label 1
[9.070449, -5.737321] - label 1
[-4.802409, 3.351911] - label 1
[-15.48104, 14.57652] - label 1
[-1.54736, -0.76002] - label 1
[-6.938635, 9.541322] - label 1
[-3.212013, 2.333321] - label 1
[4.167873, -10.834422] - label 1
[6.875115, -2.385997] - label 1
[8.93901, -3.592358] - label 1
[-12.432413, 9.184193] - label 1
[-1.52193, 5.065921] - label 1
[-2.09354, -1.815667] - label 1
[-2.189787, 8.954973] - label 1
[-10.071654, 5.427572] - label 1
[-10.282757, 3.017081] - label 1
[-7.179792, 8.014209] - label 1
[3.601449, 0.28156] - label 1
[23.475426, -9.829763] - label 1
[11.966027, 5.651614] - label 1
[-6.749266, 12.986302] - label 1
[-4.469058, 6.539861] - label 1
[-15.601869, 11.720855] - label 1
[-0.472962, -3.212374] - label 1
[8.109806, -13.791698] - label 1
[10.915641, -2.478208] - label 1
[7.280662, -6.82428] - label 1
[-2.321042, 1.826635] - label 1
[10.094345, -9.33644] - label 1
[5.087655, -12.981677] - label 1
[7.117771, -1.195887] - label 1
[-21.981413, 17.53813] - label 1
[-2.899672, 0.484608] - label 1
[-6.716224, 13.55099] - label 1
[2.062743, -0.994451] - label 1
[-9.754797, 9.386667] - label 1
[-0.339039, 9.549176] - label 1
[3.392211, 3.458537] - label 1
[-12.043942, 9.717519] - label 1
[-3.013063, 3.461959] - label 1
[-9.513264, 0.120684] - label 1
[-9.831915, 5.455931] - label 1
[6.101755, -10.513965] - label 1
[-13.668072, 1.17153] - label 1
[7.12882, 6.67481] - label 1
[16.297125, -7.441022] - label 1
[0.113452, -5.520986] - label 1
[-6.874592, 9.292077] - label 1
[-4.08828, 7.284568] - label 1
[7.375039, -3.474433] - label 1
[-1.33924, 4.505092] - label 1
[-3.805678, 3.352717] - label 1
[-0.944702, 2.149502] - label 1
[-5.931612, 1.789284] - label 1
[-0.722678, -8.416174] - label 1
[4.456666, -2.89506] - label 1
[-1.460949, 5.602658] - label 1
[-0.407737, -10.50441] - label 1
[1.700896, 3.180081] - label 1
[6.824223, -0.079294] - label 1
[-6.569238, -7.857759] - label 1
[2.889731, 6.34362] - label 1
[-14.602917, 10.958796] - label 1
[0.433733, 10.399668] - label 1
[-11.784789, 1.555242] - label 1
[-5.505399, 0.250828] - label 1
[7.37926, -5.089049] - label 1
[8.508133, -11.622832] - label 1
[1.208953, 8.763956] - label 1
[-4.178571, 14.081289] - label 1
[9.63117, -12.373837] - label 1
[5.177078, 6.807795] - label 1
[-3.166386, -3.68628] - label 1
[2.675024, 4.608805] - label 1
[-0.576712, 5.536838] - label 1
[6.141342, -5.357104] - label 1
[-6.24799, 1.881444] - label 1
[-9.769133, -4.356143] - label 1
[-10.449748, 8.97742] - label 1
[-4.24471, 2.157997] - label 1
[9.033288, -7.421303] - label 1
[-6.994568, 4.914655] - label 1
[-11.461546, 6.946284] - label 1
[5.500079, -4.764852] - label 1
[-29.886318, 22.002394] - label 0
[1.554976, 3.722466] - label 1
[0.385547, -4.515662] - label 1
[1.086364, 4.358476] - label 1
[-4.323412, 8.720387] - label 1
[-6.769707, 16.449932] - label 1
[-14.168663, 0.859209] - label 0
[-11.181969, -1.394443] - label 1
[-3.606972, -2.695879] - label 1
[-1.577437, -1.862174] - label 1
[3.032243, 4.438002] - label 1
[5.772406, 8.954547] - label 1
[5.119398, -5.904701] - label 1
[5.985765, 2.280585] - label 1
[-5.105443, 2.038864] - label 1
[-9.646088, 10.765037] - label 1
[-0.133334, 0.409157] - label 1
[1.560044, 0.71163] - label 1
[-7.595588, 4.484463] - label 1
[9.598149, -15.517119] - label 1
[-8.978855, 2.087852] - label 1
[-16.918476, 2.491846] - label 0
[6.0196, -2.812173] - label 1
[5.15583, 1.072797] - label 1
[-7.333839, -4.635852] - label 1
[-0.350818, -0.389056] - label 1
[-3.704879, 2.714102] - label 1
[1.057221, -3.540773] - label 1
[-4.727203, -2.109867] - label 1
[5.518496, -0.951186] - label 1
[5.197053, -0.866997] - label 1
[-10.287445, 4.020856] - label 1
[0.250812, -5.307784] - label 1
[3.881129, -2.525373] - label 1
[-10.590133, 4.747126] - label 1
[-6.802995, 9.350758] - label 1
[-5.828807, 3.350994] - label 1
[-11.660526, 6.452719] - label 1
[-5.067571, -5.035532] - label 1
[17.538305, -8.584262] - label 1
[0.595355, -0.445981] - label 1
[10.500647, -4.456075] - label 1
[-6.689832, 10.473257] - label 1
[-9.286734, 12.617113] - label 1
[5.222634, 6.960082] - label 1
[3.140825, -7.285594] - label 1
[-2.849059, 3.973496] - label 1
[5.739897, 3.620916] - label 1
[-1.076653, -0.822604] - label 1
[-6.853707, -3.360339] - label 1
[-7.593147, 2.680594] - label 1
[-2.899895, -0.147393] - label 1
[13.118061, -5.524583] - label 1
[-5.590338, -2.171958] - label 1
[7.844028, -7.131169] - label 1
[-6.859562, 8.974807] - label 1
[0.773092, -1.872314] - label 1
[3.126674, 2.814983] - label 1
[5.913736, 9.062639] - label 1
[-9.556771, 4.12687] - label 1
[-39.80094, -18.983658] - label 0
[-36.084705, 2.435911] - label 0
[-1.804331, -31.070818] - label 0
[-42.258293, -8.690985] - label 0
[10.103076, -7.768105] - label 1
[-1.201743, -27.561953] - label 0
[-5.194937, -11.053728] - label 1
[-6.035875, 1.660436] - label 1
[-38.589054, -0.740761] - label 0
[4.872814, -10.502564] - label 1
[6.39523, -12.369686] - label 1
[-34.12923, -1.048387] - label 0
[-10.935469, -23.296839] - label 0
[-32.848522, -10.614719] - label 0
[3.387326, -9.040269] - label 1
[4.725105, -16.801432] - label 1
[11.563387, -9.395962] - label 1
[-3.518097, -30.461973] - label 0
[2.378536, -6.35815] - label 1
[11.078295, -3.262658] - label 1
[-25.223015, -28.38229] - label 0
[-31.19686, -22.28744] - label 0
[9.628056, -3.012711] - label 1
[-28.763008, -24.942854] - label 0
[5.139698, -17.418821] - label 1
[-31.18511, 0.005875] - label 0
[-1.067461, -18.85014] - label 0
[-21.889477, -12.971053] - label 0
[-7.810068, 0.437407] - label 1
[-2.005753, -6.738411] - label 1
[-21.120716, -13.243431] - label 0
[11.41232, -10.520722] - label 1
[-24.477753, -17.448729] - label 0
[-7.996384, -8.15157] - label 0
[-15.543001, -9.106494] - label 0
[-27.740791, -28.834118] - label 0
[-38.914684, -27.607883] - label 0
[-17.532043, -26.19045] - label 0
[-6.942274, -2.512818] - label 1
[-27.865002, -3.88432] - label 0
[-8.130665, -0.411771] - label 1
[-36.875286, -23.603397] - label 0
[-15.156941, -7.960372] - label 0
[-3.773232, -28.664282] - label 0
[-22.040545, -15.63715] - label 0
[10.356532, -29.04027] - label 1
[-17.501831, -29.238945] - label 0
[-13.859447, -21.091112] - label 0
[0.978652, -3.654668] - label 1
[-1.920148, -12.761696] - label 1
[-39.65491, -25.94264] - label 0
[11.998123, -17.548067] - label 1
[-7.111805, -7.250053] - label 1
[7.041459, -2.996689] - label 1
[7.843791, -15.595492] - label 1
[-16.11034, -7.037492] - label 0
[-0.825755, -19.061632] - label 0
[-1.545839, -22.91017] - label 0
[-22.540743, -31.407286] - label 0
[2.724311, -5.973617] - label 1
[-18.592869, -24.650183] - label 0
[-37.964645, -23.199636] - label 0
[-8.087024, -5.645695] - label 1
[-24.561678, -23.585238] - label 0
[-15.82667, -6.184042] - label 0
[-11.593448, -20.323114] - label 0
[-4.202933, 1.349605] - label 1
[-20.407347, -22.956099] - label 0
[6.388516, -11.767251] - label 1
[-9.136097, -20.34234] - label 0
[1.577883, -3.458129] - label 1
[2.324824, -17.680517] - label 1
[-38.030106, -10.365841] - label 0
[11.539888, -8.396176] - label 1
[-15.039445, -26.050524] - label 0
[-11.299707, -24.156696] - label 0
[4.909742, -22.387844] - label 1
[11.925947, -3.802072] - label 1
[-20.362026, -21.239586] - label 0
[-20.573519, -9.484619] - label 0
[8.698157, -0.864666] - label 1
[-27.227165, -5.771737] - label 0
[-13.585849, 0.829417] - label 1
[7.93611, -10.01442] - label 1
[-39.864727, -23.275475] - label 0
[-26.624577, -4.763405] - label 0
[-28.306452, -22.45407] - label 0
[-23.145008, -0.496155] - label 0
[2.516175, -23.981522] - label 0
[-24.781565, -24.455778] - label 0
[10.364925, -23.90782] - label 1
[8.847545, -3.870434] - label 1
[-36.813183, -12.295984] - label 0
[-29.99504, -19.341488] - label 0
[-31.972336, -4.951399] - label 0
[6.819895, -21.676458] - label 1
[-39.52063, -6.178701] - label 0
[-2.939009, -12.952895] - label 1
[-12.363887, -19.59891] - label 0
[-36.482513, -30.08919] - label 0
[0.021897, -31.546144] - label 0
[-24.892345, -21.708502] - label 0
[-34.52704, -14.092608] - label 0
[-24.50293, -6.574984] - label 0
[-9.582583, -12.215873] - label 0
[8.42288, -9.384213] - label 1
[-3.461028, -12.154988] - label 1
[-38.552128, -22.183828] - label 0
[-41.69599, -5.473724] - label 0
[12.359004, -12.215873] - label 1
[-25.711464, -15.871075] - label 0
[-35.077595, -14.453642] - label 0
[-32.202293, -13.264794] - label 0
[-21.751839, -14.617069] - label 0
[-5.246971, -7.185965] - label 1
[-3.578524, -10.946913] - label 1
[-35.71543, 0.993912] - label 0
[-2.3146, -30.52713] - label 0
[-29.963148, -15.041124] - label 0
[-35.14809, 1.587802] - label 0
[-17.382656, -5.037919] - label 0
[-8.82725, -5.385067] - label 1
[-8.807108, -3.121662] - label 1
[-26.617863, 2.431639] - label 0
[4.669713, -20.676672] - label 1
[-33.84892, -28.730507] - label 0
[10.460601, 1.759774] - label 1
[-10.358058, -28.515808] - label 0
[-38.733406, -20.917006] - label 0
[-20.597017, -17.41989] - label 0
[-2.106464, -4.340419] - label 1
[-9.681616, -1.766182] - label 1
[-11.497772, -0.742897] - label 1
[-31.17504, -24.477142] - label 0
[-32.648777, -17.120808] - label 0
[-24.878918, -24.912947] - label 0
[3.410825, -5.071032] - label 1
[4.587466, -18.568148] - label 1
[-18.124561, 0.70658] - label 0
[-39.876476, -4.905469] - label 0
[-25.966597, -14.317988] - label 0
[-30.34753, -9.095813] - label 0
[-26.567507, -26.463898] - label 0
[5.472045, -15.968276] - label 1
[3.853954, -0.588015] - label 1
[-10.309381, -26.924269] - label 0
[-17.968458, -8.629032] - label 0
[2.480926, 1.871929] - label 1
[10.599918, -14.494232] - label 1
[-37.66083, -30.724737] - label 0
[-10.772652, -2.312006] - label 1
[-9.90318, -11.382717] - label 0
[-10.57123, -22.595064] - label 0
[0.874584, -18.949476] - label 1
[5.989029, -28.316065] - label 0
[10.737556, -30.479065] - label 1
[-19.50766, -20.465178] - label 0
[-22.779093, -32.43057] - label 0
[-25.061876, -25.095598] - label 0
[0.501953, -15.323115] - label 1
[-39.137928, -1.384854] - label 0
[-20.632267, -12.599338] - label 0
[-18.0121, -7.770241] - label 0
[-11.229209, -12.02147] - label 0
[-9.157918, -25.656378] - label 0
[-21.862621, -5.339137] - label 0
[7.320093, -12.749947] - label 1
[2.165365, -4.539094] - label 1
[9.653233, -5.544221] - label 1
[-31.658451, -10.450224] - label 0
[-14.233757, -2.983871] - label 0
[2.882092, -6.978744] - label 1
[-4.515137, -10.844371] - label 1
[-20.691015, -1.756569] - label 0
[11.553316, -13.849071] - label 1
[-28.585087, -11.498077] - label 0
[-5.057299, -10.0721] - label 1
[9.787515, -12.821512] - label 1
[-27.577974, -14.643773] - label 0
[-31.35464, -1.840953] - label 0
[-33.157368, -27.284233] - label 0
[-2.784585, -8.296838] - label 1
[-11.875439, -10.724738] - label 0
[12.305292, 2.497864] - label 1
[-9.599368, -14.512391] - label 0
[-13.614383, -30.900984] - label 0
[3.295007, -1.256676] - label 1
[-12.189322, -23.505127] - label 0
[-42.20626, 0.165029] - label 0
[2.462462, -29.006088] - label 0
[-35.30419, -2.592929] - label 0
[-21.51181, -5.818735] - label 0
[-38.911327, -21.070818] - label 0
[-41.610386, -29.871288] - label 0
[-22.15972, -32.28103] - label 0
[-29.843973, -12.388913] - label 0
[-1.445128, -20.085985] - label 0
[-18.332699, -28.483765] - label 0
[2.984481, -18.683508] - label 1
[-24.907454, 0.200278] - label 0
[-9.656438, -12.746742] - label 0
[5.498901, -12.033219] - label 1
[-29.4982, -21.243858] - label 0
[-29.625767, -10.56238] - label 0
[-6.452147, -9.476073] - label 1
[-0.676366, -15.013352] - label 1
[-14.368038, -26.356014] - label 0
[-19.406948, -16.015274] - label 0
[11.640599, -1.454283] - label 1
[-41.281395, -29.935377] - label 0
[-37.407375, -18.871502] - label 0
[-25.055162, 0.12978] - label 0
[3.278222, -12.427366] - label 1
[-15.319758, -18.685644] - label 0
[8.085498, -14.231468] - label 1
[-36.30627, -2.366482] - label 0
[-19.514374, -6.150929] - label 0
[12.265007, -24.491028] - label 1
[-40.839947, -16.212881] - label 0
[-35.98903, -20.059282] - label 0
[-23.786203, 0.538881] - label 0
[-41.37707, 0.479064] - label 0
[0.466704, -5.316706] - label 1
[0.194784, -6.224631] - label 1
[-8.723182, -30.958664] - label 0
[-39.594486, -13.108844] - label 0
[-4.1274, -27.763832] - label 0
[-26.747108, -6.899701] - label 0
[-24.345148, -20.330591] - label 0
[-14.462035, -0.598697] - label 0
[9.455168, -0.126576] - label 1
[4.872814, -12.542726] - label 1
[9.184927, -8.288293] - label 1
[-25.63425, 2.181692] - label 0
[-19.118244, 0.410703] - label 0
[-9.241844, -15.313501] - label 0
[-33.390682, -7.138966] - label 0
[-39.807655, -21.178701] - label 0
[-14.848094, -24.814676] - label 0
[-41.65067, -26.990494] - label 0
[-12.976547, -21.9702] - label 0
[4.177908, -13.391903] - label 1
[-23.286003, -32.457275] - label 0
[-36.09142, -22.497864] - label 0
[-12.328639, -32.47223] - label 0
[-0.387661, -29.826426] - label 0
[7.966323, -4.288079] - label 1
[-31.018936, -19.073381] - label 0
[-17.86607, -5.374386] - label 0
[5.574435, -0.470519] - label 1
[-12.872478, -9.952467] - label 0
[-28.757973, -11.048387] - label 0
[-7.108448, -7.516022] - label 1
[9.953688, -12.54059] - label 1
[-34.518646, -20.34341] - label 0
[4.713355, -5.260094] - label 1
[-1.750618, 0.465178] - label 1
[1.85316, -28.692053] - label 0
[-36.00078, -31.611301] - label 0
[9.341029, -17.088762] - label 1
[-31.344568, -10.18746] - label 0
[-31.62656, -20.875347] - label 0
[-0.662938, -9.785836] - label 1
[9.970473, -27.111195] - label 1
[-7.623753, -26.28231] - label 0
[-19.244133, -29.808268] - label 0
[-20.801798, -6.038774] - label 0
[-0.312128, -3.391903] - label 1
[-4.439604, -18.25518] - label 0
[-15.083087, -10.067827] - label 0
[-37.905895, -22.555544] - label 0
[-32.472534, -24.392757] - label 0
[-8.332087, -31.356014] - label 0
[11.346858, -20.819803] - label 1
[11.455962, -14.040269] - label 1
[-39.436707, -12.506409] - label 0
[-19.717476, -27.466887] - label 0
[-20.61716, -27.161398] - label 0
[-25.874279, -24.849924] - label 0
[-39.617985, -23.215658] - label 0
[-9.703436, -2.541658] - label 1
[-24.126942, -12.095172] - label 0
[8.243278, -6.741615] - label 1
[-41.091724, -4.879833] - label 0
[-7.538148, -29.67475] - label 0
[-36.80311, -14.128925] - label 0
[-9.525513, -17.255394] - label 0
[-41.367, -9.148152] - label 0
[11.33343, -17.7884] - label 1
[-38.337276, -20.496155] - label 0
[2.647099, -28.71662] - label 0
[7.197562, -11.988357] - label 1
[-3.429136, -25.957596] - label 0
[-8.704718, -31.003525] - label 0
[-27.262413, -12.865307] - label 0
[-8.64597, -10.350887] - label 0
[3.622318, -13.338496] - label 1
[-7.019486, -12.503204] - label 0
[10.249107, -21.11034] - label 1
[-39.685123, -9.454711] - label 0
[-31.213646, -4.748451] - label 0
[3.994949, -23.996475] - label 1
[5.945387, -15.407498] - label 1
[-11.5347, -5.69483] - label 0
[-41.351894, -6.847362] - label 0
[-17.092274, -22.34512] - label 0
[-19.012497, -9.765542] - label 0
[-37.55844, -0.178915] - label 0
[-41.121937, -24.961014] - label 0
[-1.13628, -13.627964] - label 1
[-24.578463, -32.37289] - label 0
[7.615513, -7.888806] - label 1
[-27.576296, -5.514313] - label 0
[-39.775764, -25.113758] - label 0
[-28.951002, -13.349178] - label 0
[-41.088367, -27.463682] - label 0
[-12.932905, -19.1097] - label 0
[-17.394405, -2.849284] - label 0
[-41.325035, -18.131275] - label 0
[-33.95131, -6.607028] - label 0
[-22.64481, -19.203695] - label 0
[-33.726387, -19.897991] - label 0
[-15.267724, -21.472443] - label 0
[-21.89787, -13.131275] - label 0
[-4.087115, -16.437193] - label 0
[-22.072435, -25.17037] - label 0
[12.268365, -27.069536] - label 1
[-22.510529, -16.608097] - label 0
[-30.87962, -3.569216] - label 0
[6.84843, -7.906964] - label 1
[-18.676794, -7.820444] - label 0
[-26.701788, -15.660649] - label 0
[-32.81999, -16.043047] - label 0
[-24.578463, -17.77665] - label 0
[-41.31832, -16.702093] - label 0
[-25.993454, -20.866802] - label 0
[-41.45764, -13.182546] - label 0
[4.052019, -5.593356] - label 1
[-8.019883, -13.275475] - label 0
[-5.428251, 1.699957] - label 1
[-16.27987, -0.00267] - label 0
[-4.570528, -9.667272] - label 1
[-1.789224, -0.809122] - label 1
[-12.105396, -18.692053] - label 0
[-21.530273, -4.655522] - label 0
[-31.814554, -22.777718] - label 0
[-38.407772, -19.041336] - label 0
[-24.340115, -17.206259] - label 0
[-38.656193, -16.494873] - label 0
[-15.074694, -29.769814] - label 0
[0.819193, -27.55234] - label 0
[-6.44879, -3.858684] - label 1
[-19.358273, -24.767677] - label 0
[4.622715, -5.774941] - label 1
[-24.326685, -29.77195] - label 0
[-39.163105, -24.551912] - label 0
[-14.304254, -17.928328] - label 0
[-10.604801, -15.066759] - label 0
[8.030107, -17.60361] - label 1
[-30.656378, -12.729652] - label 0
[7.575228, -13.585238] - label 1
[-9.330805, -25.52179] - label 0
[-7.778176, -16.68714] - label 0
[1.787698, -21.666845] - label 0
[-10.873363, -14.063768] - label 0
[-5.302362, 1.274834] - label 1
[-35.210197, -22.26928] - label 0
[-40.5076, -32.3793] - label 0
[-20.573519, -27.596132] - label 0
[-32.539673, -10.693762] - label 0
[-41.39889, -0.710852] - label 0
[-0.516907, -2.152852] - label 1
[-22.426603, -15.14153] - label 0
[-11.047929, -18.218863] - label 0
[1.349605, -26.61771] - label 0
[-29.060106, -13.717689] - label 0
[-24.11855, -7.824717] - label 0
[-18.179953, -5.841166] - label 0
[-16.582003, -30.588015] - label 0
[-13.943373, -0.015488] - label 0
[-17.565615, -10.004807] - label 0
[-30.594273, -23.450651] - label 0
[0.137715, 2.402799] - label 1
[-19.76783, -24.624546] - label 0
[-31.982407, -2.964644] - label 0
[-16.860638, -9.504913] - label 0
[-41.60703, -21.005661] - label 0
[-33.320187, 2.218009] - label 0
[12.436216, -14.227195] - label 1
[4.317225, -29.88197] - label 0
[-12.365566, -2.173147] - label 0
[-4.615848, -18.05971] - label 0
[-9.815897, -7.497864] - label 0
[-4.743416, -22.347256] - label 0
[5.237053, -10.727943] - label 1
[-18.560976, -9.632023] - label 0
[5.517365, -13.232749] - label 1
[-35.18166, -26.656162] - label 0
[-23.749275, -10.438475] - label 0
[7.766579, -20.201345] - label 1
[-18.122883, -9.82429] - label 0
[-41.679207, -25.272911] - label 0
[-12.476348, -0.716193] - label 1
[2.202292, -24.520935] - label 0
[0.703375, -10.425657] - label 1
[-28.19567, -24.720678] - label 0
[-28.803293, -13.750801] - label 0
[-1.032212, -3.562807] - label 1
[-40.386745, -5.383999] - label 0
[10.687201, -27.555544] - label 1
[-42.4295, -2.253258] - label 0
[-5.49707, -19.301966] - label 0
[-20.028002, -5.313501] - label 0
[-37.205956, 0.042192] - label 0
[-22.638096, -2.848216] - label 0
[2.684027, -5.122303] - label 1
[-31.190145, -9.7837] - label 0
[0.765481, -9.964217] - label 1
[-1.688513, -15.067827] - label 1
[-20.590303, -6.856975] - label 0
[-14.856487, -6.633732] - label 0
[-26.181448, -11.305811] - label 0
[6.188772, -15.98323] - label 1
[1.577883, 0.555971] - label 1
[-19.348202, -1.918928] - label 0
[-11.083178, -7.88667] - label 0
[10.165181, -5.460906] - label 1
[-14.592959, -14.216514] - label 0
[-40.260857, -10.474792] - label 0
[-18.71372, -3.882183] - label 0
[-27.453764, -12.040696] - label 0
[-10.833079, -16.805704] - label 0
[8.970077, -7.104785] - label 1
[-20.679266, -19.455778] - label 0
[-7.08327, -24.434416] - label 0
[0.261925, -25.686285] - label 0
[-24.131977, -13.404721] - label 0
[-36.140095, -32.1144] - label 0
[-23.390072, -23.664282] - label 0
[-23.307825, -16.323969] - label 0
[7.118671, -5.194937] - label 1
[-18.154776, -18.671759] - label 0
[-2.403562, -10.808054] - label 1
[-22.094255, -30.97255] - label 0
[-33.90095, -25.595491] - label 0
[-35.661716, -27.85783] - label 0
[-19.274345, -30.383999] - label 0
[-0.003281, -4.075518] - label 1
[-15.153584, -13.710211] - label 0
[-36.06792, -3.528626] - label 0
[-31.655094, -14.3511] - label 0
[10.307855, -3.30752] - label 1
[5.334407, -13.94734] - label 1
[-13.476745, -23.527557] - label 0
[-18.700293, -6.739479] - label 0
[-38.610874, -11.228904] - label 0
[-39.822765, -30.960798] - label 0
[-32.536316, -9.142811] - label 0
[-30.703375, 1.096454] - label 0
[4.345759, -17.57477] - label 1
[-12.318567, -20.213095] - label 0
[2.096545, -25.219503] - label 0
[-39.33935, -5.404294] - label 0
[-33.46118, -2.162465] - label 0
[-33.72135, -14.173788] - label 0
[5.641575, -15.872143] - label 1
[-28.551516, -30.506836] - label 0
[-36.311302, -18.431425] - label 0
[-36.66379, 0.874279] - label 0
[12.494964, -25.836893] - label 1
[3.946272, -30.313501] - label 0
[1.334498, -27.595064] - label 0
[3.342006, 2.382504] - label 1
[-40.14168, -32.44339] - label 0
[-30.463346, -10.517518] - label 0
[-4.3305, -8.434629] - label 1
[-19.546267, -6.522645] - label 0
[0.78898, -18.211386] - label 1
[-24.03966, -14.7837] - label 0
[-6.237297, -27.705084] - label 0
[-9.549013, -0.729011] - label 1
[-28.420591, -4.076586] - label 0
[-11.0815, -3.746529] - label 0
[-11.851939, -26.169088] - label 0
[-17.97853, -2.464751] - label 0
[-6.447111, -8.235954] - label 1
[-31.925337, -9.645909] - label 0
[-14.211936, -20.261162] - label 0
[-7.53647, -6.23104] - label 1
[9.208426, -0.616855] - label 1
[-17.567293, -6.573916] - label 0
[1.410031, -19.36819] - label 1
[-22.267143, -4.372463] - label 0
[-42.254936, -27.982803] - label 0
[-24.924238, -21.361355] - label 0
[-24.776527, -8.743324] - label 0
[6.883679, -8.265862] - label 1
[-15.029374, -19.646976] - label 0
[2.291253, -30.075304] - label 0
[0.015183, 1.959517] - label 1
[-4.129078, -30.14153] - label 0
[-27.423552, -8.827708] - label 0
[12.061907, -25.153278] - label 1
[-22.393032, -30.473724] - label 0
[-29.261528, -25.516449] - label 0
[-18.213524, 0.380795] - label 0
[-13.058794, -8.15157] - label 0
[-30.303888, -12.597201] - label 0
[-19.8249, -6.269494] - label 0
[-38.610874, -4.585025] - label 0
[11.301538, -13.129139] - label 1
[-21.924726, -29.730293] - label 0
[-12.550203, -9.328669] - label 0
[-14.861522, -7.984939] - label 0
[-12.051683, -20.649967] - label 0
[-20.785011, -26.973404] - label 0
[-38.28356, -25.987503] - label 0
[-26.468473, -29.621342] - label 0
[-5.879772, -7.407071] - label 1
[-6.760994, -10.883892] - label 0
[3.709601, -31.845224] - label 0
[-0.040208, -9.310511] - label 1
[11.86552, -26.488464] - label 1
[-32.74949, -1.752297] - label 0
[10.782876, -12.376095] - label 1
[-28.766365, -1.984085] - label 0
[-32.22747, -3.240226] - label 0
[-31.938765, -16.518372] - label 0
[-18.641544, -19.119312] - label 0
[2.496033, -18.406858] - label 1
[-27.8885, -16.784342] - label 0
[-30.73191, -12.29812] - label 0
[-31.265678, -11.495941] - label 0
[1.482208, -1.529054] - label 1
[-12.686163, -17.138966] - label 0
[2.729347, -0.552767] - label 1
[-40.740913, -9.248558] - label 0
[2.188864, -8.454924] - label 1
[-29.149069, -27.976395] - label 0
[-40.60831, -16.869793] - label 0
[4.901349, -30.511108] - label 0
[-17.109058, -3.043687] - label 0
[-2.522736, -30.000534] - label 0
[-25.47647, -16.370968] - label 0
[5.169912, -25.495087] - label 1
[-6.452147, -29.131062] - label 0
[-24.145405, -14.950331] - label 0
[-32.712563, -9.753792] - label 0
[-36.563084, -15.812326] - label 0
[-12.4176, -29.373531] - label 0
[4.547182, -0.230186] - label 1
[-15.289544, -19.94499] - label 0
[2.618564, -19.411985] - label 1
[-36.97264, -9.72602] - label 0
[-7.612003, -4.164174] - label 1
[-24.971235, 0.612583] - label 0
[-24.783241, -6.147725] - label 0
[-26.940138, -24.540161] - label 0
[-26.763893, -16.87193] - label 0
[-19.605015, -22.957167] - label 0
[-12.219535, -23.96977] - label 0
[5.898389, -17.28103] - label 1
[-39.91676, -1.774728] - label 0
[-21.021683, -21.48526] - label 0
[-30.310602, -5.740761] - label 0
[9.082537, -6.878338] - label 1
[-1.436735, 2.275689] - label 1
[-18.584475, -0.929823] - label 0
[-8.644292, -26.678595] - label 0
[3.125477, -24.701452] - label 0
[-20.18746, -6.758705] - label 0
[-3.336818, -12.158193] - label 1
[11.768166, -32.419888] - label 1
[9.540773, -12.151784] - label 1
[-17.278587, -17.475433] - label 0
[-22.797556, -11.349605] - label 0
[-9.562441, -17.71363] - label 0
[-41.759773, -28.88966] - label 0
[-9.441588, -24.042404] - label 0
[-36.358303, -31.044115] - label 0
[-21.303675, -25.739693] - label 0
[-40.67377, -1.679662] - label 0
[-28.042925, -5.818735] - label 0
[-11.331599, -31.788614] - label 0
[-29.61066, -3.043687] - label 0
[4.224906, -28.866161] - label 0
[-3.701056, -7.620701] - label 1
[-39.607914, -29.43228] - label 0
[6.928999, -0.110553] - label 1
[-23.77949, -15.465178] - label 0
[-1.552553, -5.585879] - label 1
[-34.933243, -8.030869] - label 0
[-13.275323, -17.553408] - label 0
[-29.63416, -3.893933] - label 0
[-37.125385, -13.689917] - label 0
[-0.825755, -3.386563] - label 1
[4.003342, -22.924055] - label 1
[-12.24807, -10.315638] - label 0
[-22.83616, -10.866802] - label 0
[10.885266, -7.201987] - label 1
[6.979354, 1.835612] - label 1
[-5.841166, -31.610233] - label 0
[-10.12978, -3.766823] - label 1
[-24.090014, -6.870861] - label 0
[-14.58121, -17.668768] - label 0
[-41.915874, -12.973189] - label 0
[-12.232963, -15.136189] - label 0
[7.704474, -20.887096] - label 1
[-27.423552, -6.970199] - label 0
[-21.844156, -21.140247] - label 0
[-12.521668, 2.183828] - label 1
[7.061602, -24.876629] - label 1
[-28.496124, -22.066332] - label 0
[4.889599, -28.23275] - label 0
[6.464049, -24.378872] - label 1
[6.079669, -13.261589] - label 1
[-29.274958, 0.6489] - label 0
[-18.141346, -6.23104] - label 0
[-41.610386, -17.373959] - label 0
[-3.501312, -21.54294] - label 0
[-5.696814, -26.191519] - label 0
[-33.78681, -17.07274] - label 0
[-32.11333, -0.213095] - label 0
[12.419431, -4.211173] - label 1
[-33.731422, -12.105853] - label 0
[8.585696, -18.374813] - label 1
[4.656285, -28.673895] - label 0
[-27.616581, -23.28509] - label 0
[-5.564211, -20.594423] - label 0
[12.36404, -14.780496] - label 1
[-8.02324, -13.020188] - label 0
[-4.145863, -12.462615] - label 1
[-26.423155, -1.570711] - label 0
[12.348933, -29.93324] - label 1
[4.569002, -25.77067] - label 0
[-15.960952, -26.918928] - label 0
[-7.011093, -9.433348] - label 0
[-7.224265, -4.071245] - label 1
[5.848033, -10.062487] - label 1
[5.116199, 1.297266] - label 1
[8.417844, -31.754433] - label 0
[-40.275963, -2.25753] - label 0
[4.537111, -8.667486] - label 1
[-1.178243, -12.785195] - label 1
[-11.621982, -23.592714] - label 0
[-7.106769, 1.781137] - label 1
[-29.330347, -3.614078] - label 0
[10.410245, -18.709143] - label 1
[-15.173727, -7.446593] - label 0
[1.742378, -3.823435] - label 1
[5.958815, -31.442533] - label 0
[-35.9991, -27.878124] - label 0
[-36.771217, -28.810617] - label 0
[11.038011, -19.17806] - label 1
[-1.460234, -14.084063] - label 1
[-34.71, -26.469236] - label 0
[-3.012864, -2.364345] - label 1
[-14.260613, -13.349178] - label 0
[-27.905287, -5.365841] - label 0
[-21.360744, -23.962294] - label 0
[1.253929, -8.801004] - label 1
[-34.711678, -5.711921] - label 0
[-25.646002, -13.139821] - label 0
[-21.461454, -27.308802] - label 0
[-3.894086, -27.258598] - label 0
[12.254936, -2.92085] - label 1
[-0.045244, -27.034288] - label 0
[-29.546877, -10.70658] - label 0
[-35.881603, -13.387631] - label 0
[-24.642246, -1.511963] - label 0
[2.694098, -6.834544] - label 1
[-8.966567, -21.019547] - label 0
[-37.716225, -8.04796] - label 0
[1.886731, -21.119953] - label 1
[-2.848369, -6.487396] - label 1
[-22.297358, 1.19686] - label 0
[-6.670354, -31.61771] - label 0
[-15.541322, -28.32995] - label 0
[-25.315332, -13.731574] - label 0
[2.628636, -14.977035] - label 1
[-33.605534, -8.940931] - label 0
[-22.81434, -31.146658] - label 0
[-36.20388, -30.34341] - label 0
[-8.944746, -13.096026] - label 0
[-32.90391, -4.892651] - label 0
[-13.809091, -29.095814] - label 0
[-40.114826, -8.026597] - label 0
[-30.973618, -2.272485] - label 0
[11.957839, -0.565584] - label 1
[-40.4841, -28.945204] - label 0
[-0.634404, -24.911879] - label 0
[-39.53238, -0.703375] - label 0
[2.217399, -15.093463] - label 1
[-23.59653, -21.049456] - label 0
[-6.841563, -2.679449] - label 1
[-26.344263, -9.834971] - label 0
[-12.984939, -13.087481] - label 0
[-24.063158, -21.328241] - label 0
[-20.429167, -14.326533] - label 0
[-32.94084, -19.144947] - label 0
[-34.053696, -17.705084] - label 0
[-39.920116, -3.858684] - label 0
[-28.462555, -27.532043] - label 0
[-40.453888, -6.554689] - label 0
[1.002152, -9.339351] - label 1
[11.074938, -4.104358] - label 1
[3.242973, -28.669622] - label 0
[9.98558, -4.463256] - label 1
[-22.127827, -29.93965] - label 0
[-41.788307, -7.753151] - label 0
[-8.88432, -2.433775] - label 1
[11.200827, -21.410488] - label 1
[6.631901, -2.945418] - label 1
[-41.001083, -10.200278] - label 0
[-40.79798, -12.094104] - label 0
[-41.687595, -29.356441] - label 0
[-23.205435, -3.861888] - label 0
[-40.329678, -1.639073] - label 0
[-31.089434, -30.374386] - label 0
[-23.534426, -16.59528] - label 0
[-28.244347, -1.44467] - label 0
[-39.899975, -17.787333] - label 0
[-26.866283, -10.952254] - label 0
[-2.09975, -1.290857] - label 1
[2.593387, -14.519868] - label 1
[-16.922743, -11.232109] - label 0
[-20.256279, -25.596561] - label 0
[-31.576204, -5.63715] - label 0
[-3.746376, -19.42053] - label 0
[-32.041153, 1.595279] - label 0
[-25.536898, -11.915723] - label 0
[-21.74009, -25.641422] - label 0
[-16.889172, -28.05971] - label 0
[-26.307337, -27.178488] - label 0
[-11.887188, -6.734138] - label 0
[-12.751625, -31.532257] - label 0
[-11.101642, -21.616642] - label 0
[-23.774452, -0.087054] - label 0
[-21.768623, -25.105213] - label 0
[-30.552309, 1.200064] - label 0
[-38.98015, -19.857403] - label 0
[-24.722816, -18.18041] - label 0
[-34.929886, -4.9279] - label 0
[-17.908031, -4.856334] - label 0
[4.236656, -6.070818] - label 1
[-29.506592, -20.488678] - label 0
[-18.030563, -27.213736] - label 0
[-6.067766, -6.315424] - label 1
[-9.290521, -22.6442] - label 0
[-28.024462, -14.123585] - label 0
[5.096057, -6.953108] - label 1
[-32.047867, -31.907179] - label 0
[-25.543612, -17.24044] - label 0
[-9.822611, -20.004807] - label 0
[-27.428587, -9.629887] - label 0
[-21.536987, -21.008865] - label 0
[-19.856792, 0.37225] - label 0
[5.186697, -14.200491] - label 1
[2.969375, -3.343837] - label 1
[-22.44171, -7.812967] - label 0
[-8.72486, -19.117176] - label 0
[-29.62241, -4.903333] - label 0
[-11.821726, -26.568575] - label 0
[-19.041033, -21.102863] - label 0
[-27.250664, 2.377163] - label 0
[-39.560917, -0.03151] - label 0
[-9.347591, -1.522645] - label 1
[-41.769844, -14.669408] - label 0
[-17.201376, -13.363063] - label 0
[-31.227074, -5.445952] - label 0
[-39.96376, 1.814249] - label 0
[-22.629704, -3.343837] - label 0
[-10.710547, -20.1693] - label 0
[-40.727486, -18.799936] - label 0
[-20.84376, -3.9185] - label 0
[-1.228599, -19.659796] - label 0
[-4.588992, -17.43057] - label 0
[7.481231, -19.011429] - label 1
[-5.607852, -3.71662] - label 1
[-21.436277, -31.13277] - label 0
[-20.268028, -5.659581] - label 0
[-18.89668, -21.363491] - label 0
[-34.579075, -21.095387] - label 0
[6.329768, -28.177206] - label 0
[-19.36163, -7.685858] - label 0
[-30.068895, -23.224203] - label 0
[-5.649815, -14.588229] - label 0
[-17.810678, -2.638859] - label 0
[-4.865947, -15.468383] - label 0
[-19.898754, -15.392544] - label 0
[-5.807596, -14.878765] - label 0
[-11.724372, -26.956312] - label 0
[-32.971054, -2.539521] - label 0
[-7.242729, -24.076586] - label 0
[-3.242821, -12.552339] - label 1
[-20.439238, -13.938795] - label 0
[-25.496613, -2.071673] - label 0
[2.073046, -8.4859] - label 1
[-0.112384, -16.477783] - label 1
[4.085589, -32.191303] - label 0
[12.031693, -5.566652] - label 1
[-22.344357, 0.943709] - label 0
[-40.92219, -2.806558] - label 0
[-37.469482, -22.131489] - label 0
[-28.309809, -32.17528] - label 0
[-28.674047, -21.30047] - label 0
[-21.520203, 0.390408] - label 0
[7.205954, 2.334437] - label 1
[-11.141926, -18.632236] - label 0
[-16.73307, -15.271844] - label 0
[-13.735237, -27.124012] - label 0
[-14.636601, 1.535463] - label 0
[-2.747658, -19.83497] - label 0
[-27.44705, -30.673468] - label 0
[-5.626316, 1.368831] - label 1
[-38.067036, -2.878124] - label 0
[-21.624271, -20.01976] - label 0
[12.050157, 2.429502] - label 1
[7.635655, -1.969131] - label 1
[6.606723, -11.466033] - label 1
[-29.676123, -19.589296] - label 0
[-17.302088, -17.748878] - label 0
[-32.731026, -16.654028] - label 0
[-39.708626, -21.161612] - label 0
[0.968581, -12.550203] - label 1
[-37.843792, -21.67539] - label 0
[3.748207, -11.635868] - label 1
[5.972243, -30.058214] - label 0
[0.510346, -29.579683] - label 0
[-12.160787, -16.105] - label 0
[9.050645, -3.677099] - label 1
[8.902936, -2.814035] - label 1
[-31.582918, -1.713843] - label 0
[-35.693607, -12.29812] - label 0
[-41.724525, -6.359218] - label 0
[-8.788644, -6.693548] - label 0
[9.738838, -4.671545] - label 1
[-9.941786, -19.872356] - label 0
[-9.349269, -9.70893] - label 0
[-19.140064, -28.221] - label 0
[-34.22323, -8.790323] - label 0
[3.667638, -1.27163] - label 1
[-25.11559, -25.451292] - label 0
[4.985275, -30.472654] - label 0
[-40.84666, -9.591433] - label 0
[-40.680485, -31.867657] - label 0
[-11.06975, -22.890942] - label 0
[7.612156, -5.980026] - label 1
[-16.75489, -13.97618] - label 0
[-18.282343, -0.674535] - label 0
[9.101001, -0.416044] - label 1
[-33.25808, -25.271845] - label 0
[-34.018448, -22.039627] - label 0
[5.346156, -6.708502] - label 1
[-36.442226, -17.62711] - label 0
[-9.174703, -1.027024] - label 1
[-21.956617, -4.508118] - label 0
[-1.864757, -15.952254] - label 1
[-14.806131, -13.086413] - label 0
[9.594485, -7.867443] - label 1
[-19.593266, -15.817667] - label 0
[-0.515229, -3.951613] - label 1
[-16.127125, -2.702948] - label 0
[-5.725349, -2.761696] - label 1
[-8.711432, -22.790537] - label 0
[-27.336267, -24.04561] - label 0
[-31.948835, -28.736916] - label 0
[-7.811747, -31.06441] - label 0
[12.447966, -8.961226] - label 1
[-33.409145, -26.205404] - label 0
[-39.22857, 0.581606] - label 0
[-24.298151, -8.170797] - label 0
[-10.12978, -4.514527] - label 0
[-18.010422, -21.5141] - label 0
[5.044023, -14.215445] - label 1
[0.584201, -21.812113] - label 0
[-26.169699, -6.855907] - label 0
[-18.092669, -32.259666] - label 0
[-16.422544, -19.703588] - label 0
[-41.29818, 0.046464] - label 0
[-16.67768, -1.793954] - label 0
[-8.379086, -2.660222] - label 1
[-32.086475, -21.070818] - label 0
[-29.872509, -4.339351] - label 0
[-40.13161, -15.366909] - label 0
[-42.08037, -20.212027] - label 0
[-3.083361, -9.250694] - label 1
[-15.407041, -29.648045] - label 0
[-24.296473, -21.27804] - label 0
[-27.245628, -7.659154] - label 0
[-0.357448, -23.67069] - label 0
[-32.66892, -8.276543] - label 0
[-18.666723, -18.962294] - label 0
[-18.740578, -5.592288] - label 0
[-27.410124, -0.635014] - label 0
[9.295709, -20.754646] - label 1
[-27.532656, -2.282098] - label 0
[-35.84132, -30.676672] - label 0
[-28.679083, -2.329096] - label 0
[-23.260826, -11.775796] - label 0
[-28.67069, -28.840527] - label 0
[-10.448698, 0.512177] - label 1
[-28.544802, -21.44467] - label 0
[-34.802315, -26.861248] - label 0
[-12.662664, -4.918287] - label 0
[-30.953476, 2.002243] - label 0
[-15.959273, -26.437193] - label 0
[-37.18917, -24.641636] - label 0
[12.169332, -26.050524] - label 1
[-1.69187, -21.664707] - label 0
[-14.702063, -2.399594] - label 0
[-11.950972, 0.231254] - label 1
[-5.81431, -13.208182] - label 0
[-38.056965, -26.15627] - label 0
[-9.251915, -22.576906] - label 0
[-13.206503, -31.454283] - label 0
[12.249901, -9.621342] - label 1
[-2.203818, -8.697394] - label 1
[-1.297418, -0.480132] - label 1
[-16.18923, -12.618564] - label 0
[-11.096606, -18.217794] - label 0
[5.576113, -15.047533] - label 1
[-31.86491, 2.34405] - label 0
[-6.410184, -4.691839] - label 1
[-12.070147, -9.686499] - label 0
[-40.08965, -2.090899] - label 0
[-4.066973, -2.053514] - label 1
[-34.446472, -28.011642] - label 0
[-3.717841, -31.177633] - label 0
[-17.268517, -11.067614] - label 0
[-21.491669, -17.03215] - label 0
[-16.350368, -22.862103] - label 0
[-39.6012, -30.60831] - label 0
[10.059435, -21.410488] - label 1
[-32.193897, -5.992843] - label 0
[5.317621, -16.137043] - label 1
[-33.118763, -26.611301] - label 0
[-11.851939, -10.22805] - label 0
[11.667455, -7.630314] - label 1
[-35.174946, -3.619419] - label 0
[-37.444305, -29.099016] - label 0
[-5.977126, -7.397458] - label 1
[-26.429869, -1.808908] - label 0
[-34.008377, -2.897351] - label 0
[3.909345, -25.455564] - label 0
[5.374691, -6.286584] - label 1
[-8.231376, -16.07509] - label 0
[-40.7342, -31.896496] - label 0
[-9.112598, -32.352596] - label 0
[-20.158924, -10.104144] - label 0
[-17.229912, -17.773445] - label 0
[3.195975, -13.03621] - label 1
[-14.906842, -3.188955] - label 0
[-31.341211, -3.869366] - label 0
[4.219871, -11.812113] - label 1
[10.274285, -23.023392] - label 1
[12.333827, -11.164815] - label 1
[-10.312738, -27.012924] - label 0
[-7.867138, -29.038134] - label 0
[-32.856915, -13.254112] - label 0
[9.559236, -7.960372] - label 1
[-10.185171, -31.596348] - label 0
[-27.467194, -5.236595] - label 0
[-30.807444, -15.857189] - label 0
[-28.830149, 1.937086] - label 0
[6.737648, -16.161612] - label 1
[-22.56592, -5.767464] - label 0
[-40.477386, -30.344479] - label 0
[-35.297478, 1.297266] - label 0
[-19.898754, -15.205618] - label 0
[-4.782022, -25.814463] - label 0
[-2.719123, -10.905255] - label 1
[-39.116108, -30.42459] - label 0
[-17.953352, -14.273125] - label 0
[10.38171, -31.264153] - label 1
[10.376675, -24.311579] - label 1
[-26.931746, 1.729865] - label 0
[-12.90437, -0.680944] - label 0
[-32.35168, -30.208822] - label 0
[-32.423855, -18.45172] - label 0
[11.046403, -23.606602] - label 1
[6.433836, -9.872356] - label 1
[-9.518799, -0.081713] - label 1
[-25.03502, -6.494873] - label 0
[-40.77952, -1.555757] - label 0
[-18.436766, -27.378231] - label 0
[-26.062273, -20.405361] - label 0
[-33.21444, -1.677526] - label 0
[-15.818278, -29.071245] - label 0
[-12.662664, -26.420103] - label 0
[-18.077562, -16.16802] - label 0
[-19.344845, -17.704016] - label 0
[-13.377712, -23.618351] - label 0
[-25.654392, -1.138112] - label 0
[-36.18877, -21.835611] - label 0
[-27.848215, -29.793312] - label 0
[-32.344967, -2.504273] - label 0
[-14.290826, -30.432066] - label 0
[0.443205, -20.974686] - label 0
[-6.215476, -1.32931] - label 1
[5.415153, 3.488969] - label 1
[16.350006, 12.460562] - label 1
[9.167333, 17.648712] - label 1
[16.253418, 4.9459] - label 1
[1.352812, 18.421103] - label 1
[1.921786, 6.707849] - label 1
[19.648886, 7.883963] - label 1
[4.797867, 17.598925] - label 1
[2.638883, 6.318029] - label 1
[20.203962, 6.631147] - label 1
[3.17009, 2.827806] - label 1
[0.608364, 11.485781] - label 1
[3.700571, 4.84284] - label 1
[6.080348, 4.845812] - label 1
[8.635222, 3.925329] - label 1
[15.794351, 11.211427] - label 1
[5.655617, 11.285679] - label 1
[13.789663, 7.717515] - label 1
[5.006639, 27.234892] - label 1
[1.459243, 1.234028] - label 1
[14.336329, 7.87591] - label 1
[1.032028, 0.401966] - label 1
[39.723083, 10.725265] - label 1
[2.535317, 26.722889] - label 1
[7.189605, 5.17419] - label 1
[0.901597, 11.193651] - label 1
[5.178799, 0.504472] - label 1
[1.720773, 7.643835] - label 1
[3.470816, 19.933767] - label 1
[8.675107, 13.4818] - label 1
[0.571782, 0.533401] - label 1
[13.63574, 9.118601] - label 1
[17.067032, 8.837736] - label 1
[1.826451, 14.047441] - label 1
[8.177591, 3.455283] - label 1
[9.569957, 11.601949] - label 1
[0.015882, 0.174555] - label 1
[33.02113, 0.20379] - label 1
[0.457399, 2.827806] - label 1
[13.109272, 14.598273] - label 1
[5.414628, 43.688988] - label 1
[15.955572, 0.824081] - label 1
[16.403374, 3.346367] - label 1
[2.737913, 9.18414] - label 1
[1.576461, 2.190548] - label 1
[14.623269, 0.363597] - label 1
[3.894648, 8.860658] - label 1
[13.316314, 61.344975] - label 1
[39.079723, 8.41688] - label 1
[1.98821, 14.103554] - label 1
[10.916176, 28.480946] - label 1
[20.735687, 32.1179] - label 1
[0.225616, 6.571502] - label 1
[18.977407, 28.397043] - label 1
[3.133283, 5.19777] - label 1
[4.573095, 11.671322] - label 1
[10.412657, 20.524343] - label 1
[15.660496, 0.82607] - label 1
[0.989148, 19.044815] - label 1
[4.397698, 6.441056] - label 1
[18.29481, 2.426975] - label 1
[3.176796, 3.08248] - label 1
[1.562893, 4.875088] - label 1
[1.713525, 6.116852] - label 1
[24.302437, 4.8731] - label 1
[2.88873, 23.43608] - label 1
[4.699243, 10.286372] - label 1
[4.862673, 3.043925] - label 1
[8.988048, 4.784563] - label 1
[2.012813, 3.322513] - label 1
[33.895767, 29.605598] - label 1
[5.870667, 7.196497] - label 1
[6.775524, 26.379898] - label 1
[2.26223, 0.206593] - label 1
[38.76556, 4.575506] - label 1
[5.161909, 2.455413] - label 1
[28.195435, 35.619926] - label 1
[11.619491, 4.985012] - label 1
[4.79836, 9.646537] - label 1
[2.757597, 0.314032] - label 1
[2.2856, 0.182011] - label 1
[2.047209, 7.540809] - label 1
[5.942838, 20.469835] - label 1
[6.283645, 4.949404] - label 1
[0.795952, 4.683143] - label 1
[12.991101, 6.765914] - label 1
[7.820386, 5.22192] - label 1
[1.227815, 7.520071] - label 1
[18.327188, 2.85944] - label 1
[7.124677, 2.456194] - label 1
[3.088296, 1.855067] - label 1
[1.297065, 4.453758] - label 1
[9.374019, 13.293225] - label 1
[30.428148, 4.306209] - label 1
[41.78577, 1.962553] - label 1
[0.644755, 2.746344] - label 1
[0.411183, 10.965392] - label 1
[1.428215, 26.910143] - label 1
[13.277094, 17.32599] - label 1
[3.291503, 9.365451] - label 1
[5.618079, 4.191853] - label 1
[9.061794, 42.130283] - label 1
[6.882457, 0.323799] - label 1
[4.7698, 6.768315] - label 1
[1.873821, 1.525853] - label 1
[7.645146, 31.068844] - label 1
[19.087952, 3.753734] - label 1
[0.997574, 22.900597] - label 1
[9.091293, 54.4135] - label 1
[4.318422, 0.392439] - label 1
[0.019857, 11.206746] - label 1
[7.798396, 0.792648] - label 1
[2.193968, 13.792087] - label 1
[8.885858, 4.782593] - label 1
[1.991561, 5.347721] - label 1
[17.86858, 10.453373] - label 1
[2.274483, 4.845812] - label 1
[2.786589, 1.61082] - label 1
[5.530151, 15.74855] - label 1
[0.80091, 9.890521] - label 1
[8.178974, 1.450418] - label 1
[5.848186, 6.645373] - label 1
[13.066344, 8.492224] - label 1
[13.887082, 3.612589] - label 1
[2.931599, 6.168182] - label 1
[7.113483, 3.976979] - label 1
[8.520803, 5.707867] - label 1
[5.826301, 67.33616] - label 1
[0.463471, 23.247099] - label 1
[4.938396, 1.171042] - label 1
[17.369232, 3.250023] - label 1
[35.760696, 12.500962] - label 1
[7.800393, 16.926748] - label 1
[6.305408, 4.10498] - label 1
[0.116031, 4.752114] - label 1
[22.423897, 9.984504] - label 1
[11.120077, 37.302204] - label 1
[13.634547, 0.304274] - label 1
[41.395096, 5.800649] - label 1
[4.459, 7.115348] - label 1
[7.349335, 0.575337] - label 1
[5.070282, 0.59216] - label 1
[27.073484, 7.108511] - label 1
[4.618034, 27.546532] - label 1
[7.980432, 41.414272] - label 1
[12.637179, 3.99198] - label 1
[15.969125, 14.497612] - label 1
[4.977479, 6.424217] - label 1
[2.013186, 1.911805] - label 1
[5.304574, 20.548138] - label 1
[0.395614, 2.165883] - label 1
[4.443758, 10.937108] - label 1
[14.682718, 9.944824] - label 1
[3.451834, 15.091103] - label 1
[15.870159, 1.372747] - label 1
[0.38197, 25.44738] - label 1
[26.753855, 26.26532] - label 1
[4.020224, 0.345574] - label 1
[5.262645, 10.842802] - label 1
[15.018216, 3.370706] - label 1
[3.130361, 0.713674] - label 1
[1.019517, 2.364539] - label 1
[3.968806, 29.736088] - label 1
[9.932457, 0.71728] - label 1
[6.116289, 2.394351] - label 1
[8.238618, 0.472106] - label 1
[4.801813, 4.591433] - label 1
[18.629301, 4.464721] - label 1
[12.365524, 3.306359] - label 1
[3.326343, 22.179773] - label 1
[5.740324, 8.371663] - label 1
[13.567951, 5.346158] - label 1
[9.536637, 5.790297] - label 1
[34.07842, 0.342099] - label 1
[5.498368, 4.768325] - label 1
[31.819372, 24.54815] - label 1
[4.375929, 5.983837] - label 1
[5.061672, 22.840502] - label 1
[13.254095, 9.616953] - label 1
[0.67442, 1.135765] - label 1
[3.461752, 23.64817] - label 1
[13.716014, 1.277279] - label 1
[0.076589, 13.586933] - label 1
[8.400607, 16.991636] - label 1
[28.118961, 4.057245] - label 1
[2.986164, 6.821299] - label 1
[3.213342, 5.20393] - label 1
[3.247489, 3.99744] - label 1
[3.475567, 1.91624] - label 1
[3.667046, 16.163897] - label 1
[6.731154, 20.012482] - label 1
[0.533079, 1.683867] - label 1
[8.040946, 10.23783] - label 1
[17.772469, 7.007753] - label 1
[5.645951, 3.293623] - label 1
[25.675468, 10.946223] - label 1
[2.31787, 5.8965] - label 1
[1.512353, 3.893747] - label 1
[39.12542, 21.413488] - label 1
[8.90889, 9.294078] - label 1
[6.996074, 5.238396] - label 1
[1.075093, 11.560167] - label 1
[14.714569, 0.12159] - label 1
[3.398104, 6.519236] - label 1
[3.340824, 27.133133] - label 1
[11.934587, 0.521498] - label 1
[2.473375, 0.420728] - label 1
[0.406097, 16.724821] - label 1
[2.264909, 4.643736] - label 1
[30.872957, 1.148081] - label 1
[26.114563, 1.799744] - label 1
[3.172604, 3.40754] - label 1
[3.760844, 2.772485] - label 1
[3.021193, 19.10031] - label 1
[6.057951, 0.710725] - label 1
[16.768799, 14.36196] - label 1
[0.367396, 4.229982] - label 1
[0.43538, 7.522013] - label 1
[6.499342, 6.403931] - label 1
[3.077496, 1.536879] - label 1
[6.849107, 13.381249] - label 1
[17.463276, 6.24254] - label 1
[3.762622, 7.979755] - label 1
[13.783606, 1.719685] - label 1
[2.721874, 8.973813] - label 1
[11.019444, 14.34145] - label 1
[17.204193, 2.434758] - label 1
[0.230924, 48.403492] - label 1
[3.842524, 25.994753] - label 1
[34.61807, 20.781912] - label 1
[11.410989, 3.596396] - label 1
[42.746845, 15.826982] - label 1
[14.641726, 2.284833] - label 1
[10.562472, 0.605121] - label 1
[0.466348, 9.004556] - label 1
[7.79773, 0.713346] - label 1
[5.670671, 17.451035] - label 1
[12.954248, 11.81153] - label 1
[8.436018, 13.884635] - label 1
[18.724127, 27.087217] - label 1
[2.063326, 6.390045] - label 1
[2.420753, 6.572091] - label 1
[16.59885, 1.0493] - label 1
[26.865238, 2.989456] - label 1
[7.427922, 4.222996] - label 1
[6.32492, 7.482594] - label 1
[0.019857, 3.601207] - label 1
[12.052045, 11.326328] - label 1
[7.446541, 3.063805] - label 1
[18.743996, 3.258051] - label 1
[2.424252, 22.858492] - label 1
[3.499357, 6.455596] - label 1
[2.135232, 10.628508] - label 1
[14.936338, 4.413819] - label 1
[21.063828, 12.818071] - label 1
[18.833899, 4.277146] - label 1
[1.838548, 5.080929] - label 1
[2.03037, 2.952487] - label 1
[11.452151, 2.215655] - label 1
[9.12012, 0.404825] - label 1
[17.329443, 8.339992] - label 1
[3.706317, 24.316317] - label 1
[19.38037, 7.08865] - label 1
[4.96293, 19.376131] - label 1
[12.834579, 0.208463] - label 1
[21.634085, 1.720773] - label 1
[17.301855, 9.9407] - label 1
[7.93107, 0.503188] - label 1
[6.26193, 23.200405] - label 1
[11.833429, 0.453566] - label 1
[2.524704, 3.052618] - label 1
[1.167612, 0.837678] - label 1
[22.774809, 37.757713] - label 1
[7.03917, 0.40133] - label 1
[3.851043, 9.565985] - label 1
[6.258505, 14.129849] - label 1
[12.179148, 20.80877] - label 1
[4.84284, 1.093801] - label 1
[14.853776, 0.782412] - label 1
[4.120175, 2.768056] - label 1
[4.678757, 2.108066] - label 1
[4.63694, 10.190369] - label 1
[15.967619, 13.869965] - label 1
[1.782951, 28.867466] - label 1
[7.70168, 6.20217] - label 1
[7.881278, 3.752846] - label 1
[11.461748, 21.9634] - label 1
[17.963783, 3.252557] - label 1
[11.497337, 0.338626] - label 1
[6.069703, 14.159984] - label 1
[12.023566, 1.885238] - label 1
[17.119305, 3.544496] - label 1
[2.860253, 15.031928] - label 1
[26.214813, 1.54578] - label 1
[4.771767, 21.246065] - label 1
[10.864486, 2.446444] - label 1
[0.8616, 12.259935] - label 1
[2.897697, 9.938226] - label 1
[1.773472, 28.04307] - label 1
[19.059174, 15.365361] - label 1
[3.368568, 5.976068] - label 1
[13.397549, 11.668381] - label 1
[5.568957, 18.000645] - label 1
[0.663, 8.116935] - label 1
[5.577483, 9.434986] - label 1
[10.543184, 3.607334] - label 1
[22.213482, 5.219348] - label 1
[15.689761, 0.237173] - label 1
[1.422584, 56.013866] - label 1
[7.336615, 0.422001] - label 1
[4.978483, 7.298551] - label 1
[4.041689, 9.995277] - label 1
[0.498054, 12.840087] - label 1
[17.001656, 0.081511] - label 1
[0.355688, 9.085992] - label 1
[1.790614, 10.891658] - label 1
[2.040096, 2.201952] - label 1
[0.240611, 10.980021] - label 1
[12.842292, 0.561769] - label 1
[11.677207, 83.17735] - label 1
[9.835695, 35.70632] - label 1
[0.594427, 7.722798] - label 1
[0.613879, 8.64536] - label 1
[4.406229, 14.210413] - label 1
[9.807174, 6.414359] - label 1
[0.889248, 15.016846] - label 1
[9.780356, 3.581977] - label 1
[1.715337, 16.379793] - label 1
[0.666588, 9.455391] - label 1
[12.13797, 9.686656] - label 1
[9.819387, 18.357758] - label 1
[6.883065, 1.524431] - label 1
[3.551458, 2.969722] - label 1
[6.889141, 12.378144] - label 1
[26.534739, 2.500378] - label 1
[5.807192, 1.775294] - label 1
[4.595298, 9.107973] - label 1
[39.034233, 3.476863] - label 1
[6.181763, 10.950784] - label 1
[4.026157, 16.059954] - label 1
[8.888085, 4.619488] - label 1
[22.107128, 3.551458] - label 1
[39.54637, 3.032346] - label 1
[15.70883, 7.463264] - label 1
[7.271992, 32.83221] - label 1
[21.76774, 3.310607] - label 1
[2.723076, 7.070066] - label 1
[0.966264, 2.858628] - label 1
[3.411402, 5.075857] - label 1
[9.152841, 2.896881] - label 1
[6.917748, 12.94088] - label 1
[22.52498, 0.692719] - label 1
[4.125245, 2.089619] - label 1
[0.704501, 4.610289] - label 1
[5.93289, 4.507738] - label 1
[4.761936, 24.103323] - label 1
[6.559733, 0.676706] - label 1
[7.912874, 7.405497] - label 1
[6.208982, 1.628762] - label 1
[13.233441, 0.506398] - label 1
[4.869623, 8.800877] - label 1
[11.723424, 14.977193] - label 1
[3.174281, 1.64242] - label 1
[0.318127, 6.615759] - label 1
[5.251287, 9.416187] - label 1
[1.18615, 11.785711] - label 1
[38.575912, 11.350037] - label 1
[6.38022, 2.275249] - label 1
[16.711828, 10.87263] - label 1
[3.801378, 7.622229] - label 1
[6.232859, 0.895921] - label 1
[0.042511, 3.920812] - label 1
[4.341008, 1.72331] - label 1
[0.090745, 4.085216] - label 1
[1.774201, 5.740324] - label 1
[3.916747, 1.069318] - label 1
[2.807985, 7.09051] - label 1
[15.13953, 19.42285] - label 1
[2.462048, 0.49645] - label 1
[2.779736, 16.870523] - label 1
[7.02807, 1.059813] - label 1
[1.759998, 5.142496] - label 1
[0.087358, 23.891443] - label 1
[5.697071, 7.594145] - label 1
[10.820265, 1.720773] - label 1
[0.641175, 7.397181] - label 1
[0.501262, 34.273865] - label 1
[8.140327, 13.613093] - label 1
[18.736044, 6.26764] - label 1
[8.578209, 8.913354] - label 1
[3.122852, 3.69792] - label 1
[13.79815, 20.884853] - label 1
[3.043511, 37.85136] - label 1
[1.802667, 2.79829] - label 1
[10.87082, 2.115982] - label 1
[6.880635, 11.32538] - label 1
[0.192272, 3.51279] - label 1
[2.467124, 12.71306] - label 1
[3.899605, 32.85665] - label 1
[22.076551, 6.559733] - label 1
[4.307148, 0.309624] - label 1
[43.49805, 0.443033] - label 1
[18.03764, 19.707844] - label 1
[2.613881, 4.137239] - label 1
[2.254962, 0.23686] - label 1
[22.03777, 1.161783] - label 1
[0.623619, 11.221733] - label 1
[0.363597, 0.369296] - label 1
[2.227469, 6.142766] - label 1
[2.21375, 9.914345] - label 1
[3.356181, 3.423859] - label 1
[5.286952, 37.986683] - label 1
[42.83495, 18.467426] - label 1
[1.029322, 30.383463] - label 1
[13.839472, 1.140553] - label 1
[15.593508, 29.52344] - label 1
[27.64776, 19.312773] - label 1
[1.235063, 14.685368] - label 1
[7.970269, 4.096243] - label 1
[0.623294, 13.832167] - label 1
[2.880992, 0.901597] - label 1
[27.532152, 11.599028] - label 1
[24.544596, 1.723673] - label 1
[0.607066, 12.499896] - label 1
[5.309243, 10.140607] - label 1
[8.625818, 11.090428] - label 1
[19.547075, 14.98675] - label 1
[5.814831, 0.921991] - label 1
[0.354423, 9.229353] - label 1
[31.451233, 4.712434] - label 1
[2.354492, 3.99107] - label 1
[26.320324, 3.539712] - label 1
[0.770868, 5.540237] - label 1
[17.060307, 4.23371] - label 1
[0.111092, 11.509872] - label 1
[26.418385, 0.865925] - label 1
[5.400478, 1.36295] - label 1
[0.467627, 0.842657] - label 1
[3.531888, 1.113908] - label 1
[7.646457, 7.095473] - label 1
[18.845945, 5.365971] - label 1
[4.211364, 53.667393] - label 1
[2.870414, 16.081264] - label 1
[22.151772, 19.096188] - label 1
[4.900961, 10.794184] - label 1
[3.532323, 2.685481] - label 1
[12.709796, 4.008826] - label 1
[28.731558, 4.570203] - label 1
[0.075359, 14.023843] - label 1
[16.419125, 4.808228] - label 1
[1.442307, 24.29897] - label 1
[8.19489, 24.895256] - label 1
[12.803786, 18.277712] - label 1
[22.213482, 0.221247] - label 1
[14.836269, 8.648258] - label 1
[0.230612, 6.719196] - label 1
[0.522784, 24.626637] - label 1
[21.243511, 2.243498] - label 1
[5.434578, 2.579853] - label 1
[23.713339, 8.678014] - label 1
[19.670681, 3.804056] - label 1
[33.62789, 13.663224] - label 1
[4.901957, 7.634663] - label 1
[3.829536, 6.113477] - label 1
[8.591891, 0.74782] - label 1
[1.467368, 6.166485] - label 1
[26.12704, 13.789663] - label 1
[7.346154, 3.524071] - label 1
[15.036045, 1.420473] - label 1
[6.753314, 2.32865] - label 1
[57.820568, 4.47331] - label 1
[26.290668, 2.166262] - label 1
[1.706646, 6.470157] - label 1
[24.825596, 19.123007] - label 1
[5.482514, 10.390204] - label 1
[6.505774, 0.543708] - label 1
[19.869013, 0.959879] - label 1
[1.617634, 0.903935] - label 1
[5.392625, 0.850296] - label 1
[4.748188, 4.185358] - label 1
[2.414146, 17.695166] - label 1
[2.342913, 1.395529] - label 1
[6.721586, 10.171784] - label 1
[2.530206, 13.369623] - label 1
[15.651733, 1.470196] - label 1
[2.297881, 3.640219] - label 1
[12.677215, 30.269464] - label 1
[6.880635, 9.976224] - label 1
[22.656466, 10.772652] - label 1
[7.417665, 6.598623] - label 1
[5.209067, 4.487163] - label 1
[5.789208, 7.320737] - label 1
[5.09565, 12.89645] - label 1
[4.823047, 5.294204] - label 1
[1.09925, 17.901434] - label 1
[3.463478, 3.032346] - label 1
[29.68844, 11.880375] - label 1
[14.587768, 24.089737] - label 1
[0.177661, 13.76183] - label 1
[25.856087, 2.499986] - label 1
[8.262993, 2.23777] - label 1
[13.440756, 29.862253] - label 1
[15.211913, 8.462303] - label 1
[17.32599, 3.201146] - label 1
[8.985799, 2.770874] - label 1
[1.255803, 9.067838] - label 1
[9.497904, 5.069775] - label 1
[6.307702, 11.910457] - label 1
[0.690757, 1.904418] - label 1
[7.805054, 18.247385] - label 1
[18.306227, 4.579847] - label 1
[0.787694, 26.03178] - label 1
[5.103273, 8.127936] - label 1
[23.012737, 3.379688] - label 1
[16.101095, 31.907999] - label 1
[12.836782, 2.237007] - label 1
[6.659619, 22.160164] - label 1
[1.523365, 13.670406] - label 1
[1.314452, 1.709904] - label 1
[18.344372, 0.693701] - label 1
[1.797552, 2.496069] - label 1
[6.141074, 10.875346] - label 1
[4.767342, 6.880635] - label 1
[0.882245, 14.707925] - label 1
[0.581481, 9.530303] - label 1
[18.80184, 6.126421] - label 1
[1.138843, 40.324265] - label 1
[8.776624, 7.205275] - label 1
[15.249704, 7.32645] - label 1
[0.38197, 12.59515] - label 1
[2.478066, 20.786789] - label 1
[8.247665, 9.058018] - label 1
[7.998073, 50.938725] - label 1
[16.29381, 3.079157] - label 1
[14.894295, 4.575988] - label 1
[3.972891, 5.505246] - label 1
[1.309581, 16.697231] - label 1
[10.485542, 1.319326] - label 1
[1.433145, 1.307146] - label 1
[10.624975, 5.051045] - label 1
[1.665465, 5.849829] - label 1
[19.92481, 3.952027] - label 1
[6.654868, 11.838413] - label 1
[7.322007, 11.131218] - label 1
[23.535137, 23.974985] - label 1
[31.123564, 9.751183] - label 1
[13.945993, 16.9633] - label 1
[2.581828, 15.922519] - label 1
[4.113265, 7.213433] - label 1
[6.220914, 0.522462] - label 1
[19.677229, 8.596937] - label 1
[23.941484, 2.542004] - label 1
[8.503646, 5.955009] - label 1
[1.474439, 4.894984] - label 1
[5.097174, 6.040069] - label 1
[4.884036, 12.001247] - label 1
[13.325565, 3.186445] - label 1
[6.899479, 6.349076] - label 1
[10.391067, 2.710262] - label 1
[5.535458, 7.253065] - label 1
[1.857639, 3.135789] - label 1
[14.817449, 5.108867] - label 1
[34.387287, 17.365765] - label 1
[4.327827, 10.815763] - label 1
[0.219063, 11.223608] - label 1
[2.217559, 9.501849] - label 1
[9.133805, 21.220556] - label 1
[0.506719, 17.188862] - label 1
[2.400557, 15.373877] - label 1
[12.456319, 17.781496] - label 1
[15.779553, 4.9289] - label 1
[4.048549, 3.141219] - label 1
[15.014106, 27.662306] - label 1
[0.034239, 21.504812] - label 1
[4.366479, 0.690103] - label 1
[11.730325, 9.977052] - label 1
[8.486518, 4.496728] - label 1
[30.351665, 5.274016] - label 1
[7.566141, 10.646192] - label 1
[5.229125, 7.253695] - label 1
[4.671938, 24.980236] - label 1
[5.703007, 5.647024] - label 1
[3.60427, 0.953163] - label 1
[0.62102, 0.317182] - label 1
[4.118332, 11.793648] - label 1
[7.124055, 16.191593] - label 1
[0.273176, 7.935118] - label 1
[4.947402, 1.863888] - label 1
[18.48873, 6.676264] - label 1
[36.578407, 7.567441] - label 1
[6.307702, 4.374984] - label 1
[7.934443, 0.739272] - label 1
[12.105149, 1.853964] - label 1
[3.55799, 40.81819] - label 1
[2.209562, 15.499611] - label 1
[12.498831, 1.707008] - label 1
[14.063619, 23.49028] - label 1
[27.769625, 30.66117] - label 1
[4.741812, 13.505329] - label 1
[1.000272, 1.552907] - label 1
[17.815878, 3.033999] - label 1
[0.072592, 9.542975] - label 1
[23.426546, 3.090375] - label 1
[3.543626, 26.643698] - label 1
[0.968281, 2.145817] - label 1
[4.306679, 4.216946] - label 1
[28.334576, 48.02466] - label 1
[0.752096, 4.433293] - label 1
[13.575065, 22.107128] - label 1
[33.62789, 5.436154] - label 1
[17.243486, 5.407812] - label 1
[5.654005, 18.878145] - label 1
[1.319326, 7.226626] - label 1
[17.110855, 9.058018] - label 1
[3.908623, 0.841993] - label 1
[1.650336, 24.662518] - label 1
[1.933628, 16.190054] - label 1
[0.277568, 8.073735] - label 1
[3.895549, 9.135326] - label 1
[10.244629, 7.967561] - label 1
[3.285142, 7.857145] - label 1
[5.336266, 2.542004] - label 1
[17.17695, 8.891797] - label 1
[2.039721, 6.590361] - label 1
[6.374445, 28.861994] - label 1
[5.863533, 43.357204] - label 1
[4.249101, 6.159138] - label 1
[8.394953, 3.915393] - label 1
[0.301443, 18.718174] - label 1
[7.639248, 13.632161] - label 1
[13.238027, 0.83436] - label 1
[0.753741, 8.448797] - label 1
[5.872863, 18.403788] - label 1
[13.309382, 20.538612] - label 1
[3.217131, 3.871248] - label 1
[18.684507, 6.815264] - label 1
[13.987932, 2.851319] - label 1
[15.691227, 0.427733] - label 1
[2.825782, 6.442219] - label 1
[10.420441, 23.506277] - label 1
[2.994807, 34.4924] - label 1
[8.485092, 25.612026] - label 1
[16.63422, 7.934443] - label 1
[35.566307, 15.373877] - label 1
[9.612163, 2.439431] - label 1
[21.279327, 13.975578] - label 1
[3.508455, 5.568957] - label 1
[7.807719, 16.284473] - label 1
[3.629246, 1.352463] - label 1
[10.267609, 15.593508] - label 1
[18.769884, 25.925179] - label 1
[2.027379, 12.088779] - label 1
[6.027793, 2.630542] - label 1
[6.071383, 10.078542] - label 1
[6.021104, 11.945666] - label 1
[0.703191, 8.043674] - label 1
[0.721215, 17.072079] - label 1
[7.585019, 5.671209] - label 1
[4.265451, 0.341152] - label 1
[4.080626, 23.268963] - label 1
[9.8145, 1.759998] - label 1
[0.018328, 28.94439] - label 1
[15.637145, 7.520071] - label 1
[0.933711, 15.055281] - label 1
[0.180146, 9.762518] - label 1
[9.136087, 6.89218] - label 1
[2.454243, 9.75523] - label 1
[14.680068, 8.583968] - label 1
[24.516218, 10.19206] - label 1
[12.646903, 16.664867] - label 1
[14.561552, 0.222495] - label 1
[22.76886, 17.358837] - label 1
[6.201603, 8.448086] - label 1
[18.829885, 11.765895] - label 1
[2.017292, 44.64932] - label 1
[2.179536, 16.896942] - label 1
[4.852256, 5.719756] - label 1
[4.829475, 9.455391] - label 1
[0.973998, 7.14461] - label 1
[0.910619, 1.335009] - label 1
[5.796834, 7.254956] - label 1
[16.29848, 1.691815] - label 1
[10.799575, 4.229982] - label 1
[8.271365, 48.403492] - label 1
[3.079572, 18.050621] - label 1
[2.711062, 4.251435] - label 1
[9.450678, 27.286161] - label 1
[5.627182, 8.770019] - label 1
[8.87844, 7.280205] - label 1
[4.935396, 18.482916] - label 1
[10.132197, 2.259169] - label 1
[27.23954, 1.419066] - label 1
[17.192266, 0.124679] - label 1
[19.270756, 0.139523] - label 1
[1.874925, 2.450733] - label 1
[13.950918, 28.96095] - label 1
[0.19694, 2.324799] - label 1
[15.991755, 22.095999] - label 1
[7.811051, 13.4771] - label 1
[4.54517, 3.448387] - label 1
[2.598436, 5.163443] - label 1
[0.163691, 42.42319] - label 1
[6.955611, 10.187832] - label 1
[16.359404, 1.839648] - label 1
[2.162473, 1.88008] - label 1
[4.609321, 59.783367] - label 1
[1.321764, 2.025884] - label 1
[14.917329, 26.586891] - label 1
[6.042861, 0.87758] - label 1
[8.902941, 4.795895] - label 1
[0.913962, 2.385824] - label 1
[1.564677, 16.423855] - label 1
[16.061474, 3.852838] - label 1
[6.257935, 16.00687] - label 1
[3.908172, 1.942519] - label 1
[17.344994, 3.372416] - label 1
[1.292896, 1.554333] - label 1
[5.098698, 5.84271] - label 1
[0.466348, 0.591837] - label 1
[0.042204, 4.770784] - label 1
[9.668984, 3.070026] - label 1
[4.208575, 2.708661] - label 1
[1.63523, 1.734194] - label 1
[15.412287, 14.025084] - label 1
[5.036895, 0.632393] - label 1
[1.115273, 24.168114] - label 1
[61.924847, 15.015476] - label 1
[1.852862, 13.784817] - label 1
[5.376415, 11.820483] - label 1
[0.345258, 28.97754] - label 1
[8.187967, 13.504151] - label 1
[5.57695, 2.955768] - label 1
[19.13334, 0.80951] - label 1
[0.792648, 5.098698] - label 1
[29.44195, 17.812252] - label 1
[19.189327, 6.739533] - label 1
[15.976663, 13.70279] - label 1
[2.387761, 9.458533] - label 1
[3.847904, 0.788354] - label 1
[21.109077, 9.646537] - label 1
[4.371203, 8.530109] - label 1
[3.062147, 14.699958] - label 1
[1.654656, 24.41752] - label 1
[8.505789, 3.229347] - label 1
[1.046588, 4.903452] - label 1
[0.7943, 4.525477] - label 1
[22.718422, 2.723477] - label 1
[7.150847, 29.82002] - label 1
[26.007078, 5.865179] - label 1
[0.829054, 7.081832] - label 1
[0.030871, 3.876643] - label 1
[0.221871, 2.766446] - label 1
[2.946749, 15.36678] - label 1
[2.481977, 1.493555] - label 1
[3.923522, 9.111008] - label 1
[16.582815, 0.077511] - label 1
[9.923397, 6.35138] - label 1
[3.132866, 0.990833] - label 1
[22.49889, 4.14047] - label 1
[29.465164, 4.552385] - label 1
[11.203003, 11.4129] - label 1
[7.096093, 0.600907] - label 1
[0.822425, 2.1496] - label 1
[2.892397, 8.77222] - label 1
[5.776693, 12.026614] - label 1
[15.429405, 4.886523] - label 1
[1.089716, 9.306454] - label 1
[0.240923, 18.531473] - label 1
[1.203346, 14.636449] - label 1
[30.654621, 16.384506] - label 1
[31.028, 1.15493] - label 1
[1.951418, 20.593498] - label 1
[1.227125, 16.998316] - label 1
[11.077484, 44.13241] - label 1
[10.828372, 6.803807] - label 1
[13.032583, 6.185162] - label 1
[8.138949, 0.715969] - label 1
[8.888085, 74.01445] - label 1
[28.308662, 18.894285] - label 1
[11.07656, 18.734056] - label 1
[0.863263, 7.37993] - label 1
[24.84388, 9.8145] - label 1
[2.638883, 6.582106] - label 1
[2.433201, 36.309856] - label 1
[0.906942, 3.614341] - label 1
[4.223462, 8.401314] - label 1
[0.981739, 12.43513] - label 1
[5.538113, 10.042653] - label 1
[3.578484, 23.138487] - label 1
[4.436146, 7.415102] - label 1
[41.299767, 7.627462] - label 1
[2.163231, 6.452686] - label 1
[14.272537, 3.129944] - label 1
[25.474634, 1.360502] - label 1
[5.318589, 1.818761] - label 1
[9.977879, 22.202232] - label 1
[1.535456, 16.39708] - label 1
[7.656296, 15.184011] - label 1
[6.292803, 6.296812] - label 1
[16.066036, 15.124285] - label 1
[6.608074, 2.407543] - label 1
[11.036912, 4.325945] - label 1
[12.596226, 2.569194] - label 1
[18.34246, 1.994913] - label 1
[3.105767, 2.565643] - label 1
[8.459458, 13.598815] - label 1
[6.673885, 4.078331] - label 1
[6.326644, 15.606579] - label 1
[21.944208, 2.40599] - label 1
[6.047329, 4.320773] - label 1
[7.267573, 17.50009] - label 1
[18.633236, 4.197424] - label 1
[6.860615, 10.956259] - label 1
[0.504472, 4.776687] - label 1
[39.20205, 15.89107] - label 1
[17.078812, 21.006308] - label 1
[2.306717, 7.859154] - label 1
[7.848444, 0.486834] - label 1
[22.380884, 2.153385] - label 1
[8.051181, 20.5696] - label 1
[11.698814, 7.261893] - label 1
[21.824413, 10.714567] - label 1
[21.982628, 6.770718] - label 1
[7.29412, 2.945519] - label 1
[1.524431, 0.591837] - label 1
[6.458506, 7.939842] - label 1
[4.621425, 2.584594] - label 1
[19.862337, 3.469089] - label 1
[9.607376, 5.688982] - label 1
[2.370726, 24.84388] - label 1
[0.37373, 5.482514] - label 1
[1.772379, 4.341008] - label 1
[13.860197, 8.134818] - label 1
[27.11015, 7.328991] - label 1
[15.538507, 20.531475] - label 1
[7.714874, 7.643835] - label 1
[18.194534, 12.486058] - label 1
[2.626176, 2.815261] - label 1
[0.022915, 3.824614] - label 1
[1.645658, 2.106935] - label 1
[3.729332, 1.880817] - label 1
[9.736628, 8.323142] - label 1
[2.031865, 6.711431] - label 1
[0.847971, 3.620037] - label 1
[8.470131, 10.849122] - label 1
[1.233337, 19.314878] - label 1
[54.77196, 0.184187] - label 1
[8.269969, 14.137374] - label 1
[2.29289, 13.183132] - label 1
[1.55362, 9.108731] - label 1
[10.774444, 2.713064] - label 1
[9.482137, 6.223188] - label 1
[8.554489, 38.027637] - label 1
[20.359364, 6.069143] - label 1
[13.201397, 18.623405] - label 1
[0.249994, 4.818599] - label 1
[15.358271, 1.582179] - label 1
[20.524343, 2.446444] - label 1
[3.042683, 5.909167] - label 1
[13.490029, 5.184435] - label 1
[0.182632, 1.28387] - label 1
[2.272184, 9.875762] - label 1
[3.715163, 37.27679] - label 1
[9.045945, 1.205756] - label 1
[2.934054, 14.755861] - label 1
[17.433575, 0.856944] - label 1
[19.489054, 43.982407] - label 1
[5.788663, 5.503129] - label 1
[4.423313, 11.702747] - label 1
[5.338868, 2.269503] - label 1
[0.839337, 17.327717] - label 1
[10.064338, 0.931031] - label 1
[7.80572, 15.679508] - label 1
[7.887992, 3.398533] - label 1
[0.036689, 10.647077] - label 1
[25.77541, 0.991507] - label 1
[2.37653, 16.005358] - label 1
[2.953717, 10.08105] - label 1
[7.483884, 5.194691] - label 1
[11.397624, 24.494986] - label 1
[1.925855, 8.970819] - label 1
[35.386124, 13.498264] - label 1
[17.584745, 7.692455] - label 1
[7.423433, 10.423902] - label 1
[2.692669, 5.933995] - label 1
[17.068714, 4.701684] - label 1
[1.492492, 12.832376] - label 1
[3.895549, 0.355372] - label 1
[1.704474, 1.450418] - label 1
[3.713835, 7.570694] - label 1
[23.00969, 4.942398] - label 1
[8.196276, 4.167749] - label 1
[68.41829, 23.328552] - label 1
[5.11141, 2.845639] - label 1
[3.367286, 1.447949] - label 1
[0.838342, 1.240244] - label 1
[18.230368, 4.042604] - label 1
[25.152397, 3.719146] - label 1
[1.151162, 0.1817] - label 1
[2.427364, 18.181366] - label 1
[19.312773, 0.707776] - label 1
[4.823541, 17.451035] - label 1
[0.993529, 13.163762] - label 1
[3.208294, 5.353453] - label 1
[15.946547, 5.511069] - label 1
[1.922156, 10.992839] - label 1
[7.688504, 10.314583] - label 1
[5.410958, 8.677288] - label 1
[17.229803, 19.751741] - label 1
[1.132005, 16.28914] - label 1
[3.878442, 12.464807] - label 1
[23.385336, 1.637386] - label 1
[12.332997, 4.283702] - label 1
[4.324534, 6.88428] - label 1
[4.054041, 3.342103] - label 1
[12.28284, 1.799379] - label 1
[6.021104, 8.865841] - label 1
[13.796937, 4.729071] - label 1
[2.604374, 14.158727] - label 1
[7.319468, 22.123844] - label 1
[2.53925, 1.31306] - label 1
[6.790558, 4.880555] - label 1
[8.990298, 1.36295] - label 1
[1.215056, 12.631781] - label 1
[12.519088, 3.832222] - label 1
[2.113342, 9.442044] - label 1
[6.190261, 5.183923] - label 1
[1.05642, 24.544596] - label 1
[18.592014, 2.419198] - label 1
[3.452265, 37.468983] - label 1
[2.583804, 23.644922] - label 1
[0.364863, 3.117848] - label 1
[19.65324, 3.024909] - label 1
[23.191093, 17.217844] - label 1
[24.9617, 5.52962] - label 1
[26.46993, 9.027863] - label 1
[15.781032, 24.954296] - label 1
[32.51981, 4.272467] - label 1
[18.500368, 3.177216] - label 1
[1.140553, 1.346874] - label 1
[3.643294, 1.487887] - label 1
[16.533266, 29.060896] - label 1
[9.87986, 2.182193] - label 1
[6.261359, 14.770554] - label 1
[22.745092, 12.931978] - label 1
[1.171385, 4.9449] - label 1
[9.467182, 1.904418] - label 1
[0.855947, 2.948798] - label 1
[6.993617, 8.231664] - label 1
[1.891873, 25.148623] - label 1
[9.885599, 0.820768] - label 1
[2.501162, 1.357355] - label 1
[6.052918, 12.382354] - label 1
[9.697113, 1.974443] - label 1
[1.655016, 2.57393] - label 1
[12.05612, 10.46901] - label 1
[17.02675, 5.171118] - label 1
[6.216367, 0.529539] - label 1
[18.033934, 15.650273] - label 1
[10.138924, 8.178282] - label 1
[1.203002, 22.352314] - label 1
[7.331531, 4.322653] - label 1
[5.107341, 0.997912] - label 1
[8.445955, 12.178116] - label 1
[5.129744, 1.983371] - label 1
[2.667931, 5.103273] - label 1
[25.580456, 15.263737] - label 1
[31.213125, 8.136883] - label 1
[13.800576, 9.74552] - label 1
[19.38037, 6.482988] - label 1
[6.599213, 19.63583] - label 1
[0.394661, 9.098113] - label 1
[0.699263, 5.384778] - label 1
[69.6319, 1.54863] - label 1
[2.1496, 9.460891] - label 1
[1.031351, 8.634498] - label 1
[4.040775, 29.635107] - label 1
[8.568139, 5.791931] - label 1
[9.143699, 5.07383] - label 1
[0.709742, 10.780721] - label 1
[1.833781, 0.291383] - label 1
[1.101975, 32.441257] - label 1
[6.115164, 3.831326] - label 1
[7.697726, 5.479347] - label 1
[16.770432, 54.627033] - label 1
[5.026799, 16.42543] - label 1
[21.974382, 14.142394] - label 1
[1.193369, 13.916494] - label 1
[6.245389, 11.917489] - label 1
[9.316521, 5.163955] - label 1
[23.547993, 16.088886] - label 1
[1.907373, 9.237805] - label 1
[43.982407, 4.178403] - label 1
[11.342444, 2.304411] - label 1
[3.726231, 7.51554] - label 1
[44.863804, 10.123794] - label 1
[0.086435, 2.705861] - label 1
[1.555046, 3.14289] - label 1
[40.462914, 2.063326] - label 1
[2.384275, 13.0517] - label 1
